2025-06-06 07:40:01 [WATCHDOG] ---- watchdog run ----
2025-06-06 07:40:47 [WATCHDOG] ALERT: Analytics API status endpoint is DOWN (fails=8)
2025-06-06 07:40:50 [WATCHDOG] Futures Bot healthy
2025-06-06 07:40:50 [WATCHDOG] Issues detected – see alerts above
2025-06-06 07:42:01 [WATCHDOG] ---- watchdog run ----
2025-06-06 07:42:47 [WATCHDOG] ALERT: Analytics API status endpoint is DOWN (fails=9)
2025-06-06 07:42:47 [WATCHDOG] ALERT: Futures Bot health endpoint not responding
2025-06-06 07:42:47 [WATCHDOG] Issues detected – see alerts above
2025-06-06 07:44:01 [WATCHDOG] ---- watchdog run ----
2025-06-06 07:44:47 [WATCHDOG] ALERT: Analytics API status endpoint is DOWN (fails=10)
2025-06-06 07:44:47 [WATCHDOG] Futures Bot healthy
2025-06-06 07:44:47 [WATCHDOG] Issues detected – see alerts above
2025-06-06 07:46:01 [WATCHDOG] ---- watchdog run ----
2025-06-06 07:46:47 [WATCHDOG] ALERT: Analytics API status endpoint is DOWN (fails=11)
2025-06-06 07:46:47 [WATCHDOG] Futures Bot healthy
2025-06-06 07:46:47 [WATCHDOG] Issues detected – see alerts above
2025-06-06 07:48:01 [WATCHDOG] ---- watchdog run ----
2025-06-06 07:48:47 [WATCHDOG] ALERT: Analytics API status endpoint is DOWN (fails=12)
2025-06-06 07:48:47 [WATCHDOG] Futures Bot healthy
2025-06-06 07:48:47 [WATCHDOG] Issues detected – see alerts above
2025-06-06 07:50:01 [WATCHDOG] ---- watchdog run ----
2025-06-06 07:50:47 [WATCHDOG] ALERT: Analytics API status endpoint is DOWN (fails=13)
2025-06-06 07:50:47 [WATCHDOG] Futures Bot healthy
2025-06-06 07:50:47 [WATCHDOG] Issues detected – see alerts above
2025-06-06 07:52:01 [WATCHDOG] ---- watchdog run ----
2025-06-06 07:52:47 [WATCHDOG] ALERT: Analytics API status endpoint is DOWN (fails=14)
2025-06-06 07:52:47 [WATCHDOG] Futures Bot healthy
2025-06-06 07:52:47 [WATCHDOG] Issues detected – see alerts above
2025-06-06 07:54:01 [WATCHDOG] ---- watchdog run ----
2025-06-06 07:54:47 [WATCHDOG] ALERT: Analytics API status endpoint is DOWN (fails=15)
2025-06-06 07:54:47 [WATCHDOG] Futures Bot healthy
2025-06-06 07:54:47 [WATCHDOG] Issues detected – see alerts above
2025-06-06 07:56:01 [WATCHDOG] ---- watchdog run ----
2025-06-06 07:56:47 [WATCHDOG] ALERT: Analytics API status endpoint is DOWN (fails=16)
2025-06-06 07:56:47 [WATCHDOG] Futures Bot healthy
2025-06-06 07:56:47 [WATCHDOG] Issues detected – see alerts above
2025-06-06 07:58:01 [WATCHDOG] ---- watchdog run ----
2025-06-06 07:58:47 [WATCHDOG] ALERT: Analytics API status endpoint is DOWN (fails=17)
2025-06-06 07:58:47 [WATCHDOG] Futures Bot healthy
2025-06-06 07:58:47 [WATCHDOG] Issues detected – see alerts above
2025-06-06 08:00:01 [WATCHDOG] ---- watchdog run ----
2025-06-06 08:00:47 [WATCHDOG] ALERT: Analytics API status endpoint is DOWN (fails=18)
2025-06-06 08:00:48 [WATCHDOG] Futures Bot healthy
2025-06-06 08:00:48 [WATCHDOG] Issues detected – see alerts above
2025-06-06 08:02:01 [WATCHDOG] ---- watchdog run ----
2025-06-06 08:02:47 [WATCHDOG] ALERT: Analytics API status endpoint is DOWN (fails=19)
2025-06-06 08:02:47 [WATCHDOG] Futures Bot healthy
2025-06-06 08:02:47 [WATCHDOG] Issues detected – see alerts above
2025-06-06 08:04:00 [WATCHDOG] ---- watchdog run ----
2025-06-06 08:04:46 [WATCHDOG] ALERT: Analytics API status endpoint is DOWN (fails=20)
2025-06-06 08:04:46 [WATCHDOG] Futures Bot healthy
2025-06-06 08:04:46 [WATCHDOG] Issues detected – see alerts above
2025-06-06 08:06:02 [WATCHDOG] ---- watchdog run ----
2025-06-06 08:06:48 [WATCHDOG] ALERT: Analytics API status endpoint is DOWN (fails=21)
2025-06-06 08:06:48 [WATCHDOG] Futures Bot healthy
2025-06-06 08:06:48 [WATCHDOG] Issues detected – see alerts above
2025-06-06 08:08:01 [WATCHDOG] ---- watchdog run ----
2025-06-06 08:08:47 [WATCHDOG] ALERT: Analytics API status endpoint is DOWN (fails=22)
2025-06-06 08:08:47 [WATCHDOG] Futures Bot healthy
2025-06-06 08:08:47 [WATCHDOG] Issues detected – see alerts above
2025-06-06 08:10:01 [WATCHDOG] ---- watchdog run ----
2025-06-06 08:10:47 [WATCHDOG] ALERT: Analytics API status endpoint is DOWN (fails=23)
2025-06-06 08:10:47 [WATCHDOG] Futures Bot healthy
2025-06-06 08:10:47 [WATCHDOG] Issues detected – see alerts above
2025-06-06 08:12:01 [WATCHDOG] ---- watchdog run ----
2025-06-06 08:12:48 [WATCHDOG] ALERT: Analytics API status endpoint is DOWN (fails=24)
2025-06-06 08:12:48 [WATCHDOG] Futures Bot healthy
2025-06-06 08:12:48 [WATCHDOG] Issues detected – see alerts above
2025-06-06 08:14:01 [WATCHDOG] ---- watchdog run ----
2025-06-06 08:14:47 [WATCHDOG] ALERT: Analytics API status endpoint is DOWN (fails=25)
2025-06-06 08:14:47 [WATCHDOG] Futures Bot healthy
2025-06-06 08:14:47 [WATCHDOG] Issues detected – see alerts above
2025-06-06 08:16:01 [WATCHDOG] ---- watchdog run ----
2025-06-06 08:16:47 [WATCHDOG] ALERT: Analytics API status endpoint is DOWN (fails=26)
2025-06-06 08:16:47 [WATCHDOG] Futures Bot healthy
2025-06-06 08:16:47 [WATCHDOG] Issues detected – see alerts above
2025-06-06 08:18:02 [WATCHDOG] ---- watchdog run ----
2025-06-06 08:18:48 [WATCHDOG] ALERT: Analytics API status endpoint is DOWN (fails=27)
2025-06-06 08:18:48 [WATCHDOG] Futures Bot healthy
2025-06-06 08:18:48 [WATCHDOG] Issues detected – see alerts above
2025-06-06 08:20:01 [WATCHDOG] ---- watchdog run ----
2025-06-06 08:20:47 [WATCHDOG] ALERT: Analytics API status endpoint is DOWN (fails=28)
2025-06-06 08:20:47 [WATCHDOG] Futures Bot healthy
2025-06-06 08:20:47 [WATCHDOG] Issues detected – see alerts above
2025-06-06 08:22:01 [WATCHDOG] ---- watchdog run ----
2025-06-06 08:22:47 [WATCHDOG] ALERT: Analytics API status endpoint is DOWN (fails=29)
2025-06-06 08:22:48 [WATCHDOG] Futures Bot healthy
2025-06-06 08:22:48 [WATCHDOG] Issues detected – see alerts above
2025-06-06 08:24:01 [WATCHDOG] ---- watchdog run ----
2025-06-06 08:24:47 [WATCHDOG] ALERT: Analytics API status endpoint is DOWN (fails=30)
2025-06-06 08:24:47 [WATCHDOG] Futures Bot healthy
2025-06-06 08:24:47 [WATCHDOG] Issues detected – see alerts above
2025-06-06 08:26:01 [WATCHDOG] ---- watchdog run ----
2025-06-06 08:26:47 [WATCHDOG] ALERT: Analytics API status endpoint is DOWN (fails=31)
2025-06-06 08:26:48 [WATCHDOG] Futures Bot healthy
2025-06-06 08:26:48 [WATCHDOG] Issues detected – see alerts above
2025-06-06 08:28:01 [WATCHDOG] ---- watchdog run ----
2025-06-06 08:28:47 [WATCHDOG] ALERT: Analytics API status endpoint is DOWN (fails=32)
2025-06-06 08:28:47 [WATCHDOG] Futures Bot healthy
2025-06-06 08:28:47 [WATCHDOG] Issues detected – see alerts above
2025-06-06 08:30:01 [WATCHDOG] ---- watchdog run ----
2025-06-06 08:30:47 [WATCHDOG] ALERT: Analytics API status endpoint is DOWN (fails=33)
2025-06-06 08:30:47 [WATCHDOG] Futures Bot healthy
2025-06-06 08:30:47 [WATCHDOG] Issues detected – see alerts above
2025-06-06 08:32:01 [WATCHDOG] ---- watchdog run ----
2025-06-06 08:32:47 [WATCHDOG] ALERT: Analytics API status endpoint is DOWN (fails=34)
2025-06-06 08:32:47 [WATCHDOG] Futures Bot healthy
2025-06-06 08:32:47 [WATCHDOG] Issues detected – see alerts above
2025-06-06 08:34:01 [WATCHDOG] ---- watchdog run ----
2025-06-06 08:34:47 [WATCHDOG] ALERT: Analytics API status endpoint is DOWN (fails=35)
2025-06-06 08:34:47 [WATCHDOG] Futures Bot healthy
2025-06-06 08:34:47 [WATCHDOG] Issues detected – see alerts above
2025-06-06 08:36:01 [WATCHDOG] ---- watchdog run ----
2025-06-06 08:36:47 [WATCHDOG] ALERT: Analytics API status endpoint is DOWN (fails=36)
2025-06-06 08:36:47 [WATCHDOG] Futures Bot healthy
2025-06-06 08:36:47 [WATCHDOG] Issues detected – see alerts above
2025-06-06 08:38:01 [WATCHDOG] ---- watchdog run ----
2025-06-06 08:38:47 [WATCHDOG] ALERT: Analytics API status endpoint is DOWN (fails=37)
2025-06-06 08:38:47 [WATCHDOG] Futures Bot healthy
2025-06-06 08:38:47 [WATCHDOG] Issues detected – see alerts above
2025-06-06 08:40:01 [WATCHDOG] ---- watchdog run ----
2025-06-06 08:40:47 [WATCHDOG] ALERT: Analytics API status endpoint is DOWN (fails=38)
2025-06-06 08:40:47 [WATCHDOG] Futures Bot healthy
2025-06-06 08:40:47 [WATCHDOG] Issues detected – see alerts above
2025-06-06 08:42:01 [WATCHDOG] ---- watchdog run ----
2025-06-06 08:42:47 [WATCHDOG] ALERT: Analytics API status endpoint is DOWN (fails=39)
2025-06-06 08:42:47 [WATCHDOG] Futures Bot healthy
2025-06-06 08:42:47 [WATCHDOG] Issues detected – see alerts above
2025-06-06 08:44:01 [WATCHDOG] ---- watchdog run ----
2025-06-06 08:44:47 [WATCHDOG] ALERT: Analytics API status endpoint is DOWN (fails=40)
2025-06-06 08:44:47 [WATCHDOG] Futures Bot healthy
2025-06-06 08:44:47 [WATCHDOG] Issues detected – see alerts above
2025-06-06 08:46:01 [WATCHDOG] ---- watchdog run ----
2025-06-06 08:46:47 [WATCHDOG] ALERT: Analytics API status endpoint is DOWN (fails=41)
2025-06-06 08:46:47 [WATCHDOG] Futures Bot healthy
2025-06-06 08:46:47 [WATCHDOG] Issues detected – see alerts above
2025-06-06 08:48:01 [WATCHDOG] ---- watchdog run ----
2025-06-06 08:48:47 [WATCHDOG] ALERT: Analytics API status endpoint is DOWN (fails=42)
2025-06-06 08:48:47 [WATCHDOG] Futures Bot healthy
2025-06-06 08:48:47 [WATCHDOG] Issues detected – see alerts above
2025-06-06 08:50:01 [WATCHDOG] ---- watchdog run ----
2025-06-06 08:50:47 [WATCHDOG] ALERT: Analytics API status endpoint is DOWN (fails=43)
2025-06-06 08:50:48 [WATCHDOG] Futures Bot healthy
2025-06-06 08:50:48 [WATCHDOG] Issues detected – see alerts above
2025-06-06 08:52:01 [WATCHDOG] ---- watchdog run ----
2025-06-06 08:52:47 [WATCHDOG] ALERT: Analytics API status endpoint is DOWN (fails=44)
2025-06-06 08:52:47 [WATCHDOG] Futures Bot healthy
2025-06-06 08:52:47 [WATCHDOG] Issues detected – see alerts above
2025-06-06 08:54:01 [WATCHDOG] ---- watchdog run ----
2025-06-06 08:54:47 [WATCHDOG] ALERT: Analytics API status endpoint is DOWN (fails=45)
2025-06-06 08:54:47 [WATCHDOG] Futures Bot healthy
2025-06-06 08:54:47 [WATCHDOG] Issues detected – see alerts above
2025-06-06 08:56:01 [WATCHDOG] ---- watchdog run ----
2025-06-06 08:56:47 [WATCHDOG] ALERT: Analytics API status endpoint is DOWN (fails=46)
2025-06-06 08:56:47 [WATCHDOG] Futures Bot healthy
2025-06-06 08:56:47 [WATCHDOG] Issues detected – see alerts above
2025-06-06 08:58:01 [WATCHDOG] ---- watchdog run ----
2025-06-06 08:58:47 [WATCHDOG] ALERT: Analytics API status endpoint is DOWN (fails=47)
2025-06-06 08:58:47 [WATCHDOG] Futures Bot healthy
2025-06-06 08:58:47 [WATCHDOG] Issues detected – see alerts above
2025-06-06 09:00:01 [WATCHDOG] ---- watchdog run ----
2025-06-06 09:00:47 [WATCHDOG] ALERT: Analytics API status endpoint is DOWN (fails=48)
2025-06-06 09:00:48 [WATCHDOG] Futures Bot healthy
2025-06-06 09:00:48 [WATCHDOG] Issues detected – see alerts above
2025-06-06 09:02:01 [WATCHDOG] ---- watchdog run ----
2025-06-06 09:02:47 [WATCHDOG] ALERT: Analytics API status endpoint is DOWN (fails=49)
2025-06-06 09:02:47 [WATCHDOG] Futures Bot healthy
2025-06-06 09:02:47 [WATCHDOG] Issues detected – see alerts above
2025-06-06 09:04:01 [WATCHDOG] ---- watchdog run ----
2025-06-06 09:04:47 [WATCHDOG] ALERT: Analytics API status endpoint is DOWN (fails=50)
2025-06-06 09:04:47 [WATCHDOG] Futures Bot healthy
2025-06-06 09:04:47 [WATCHDOG] Issues detected – see alerts above
2025-06-06 09:06:01 [WATCHDOG] ---- watchdog run ----
2025-06-06 09:06:47 [WATCHDOG] ALERT: Analytics API status endpoint is DOWN (fails=51)
2025-06-06 09:06:47 [WATCHDOG] Futures Bot healthy
2025-06-06 09:06:47 [WATCHDOG] Issues detected – see alerts above
2025-06-06 09:08:01 [WATCHDOG] ---- watchdog run ----
2025-06-06 09:08:47 [WATCHDOG] ALERT: Analytics API status endpoint is DOWN (fails=52)
2025-06-06 09:08:47 [WATCHDOG] Futures Bot healthy
2025-06-06 09:08:47 [WATCHDOG] Issues detected – see alerts above
2025-06-06 09:10:01 [WATCHDOG] ---- watchdog run ----
2025-06-06 09:10:47 [WATCHDOG] ALERT: Analytics API status endpoint is DOWN (fails=53)
2025-06-06 09:10:47 [WATCHDOG] Futures Bot healthy
2025-06-06 09:10:47 [WATCHDOG] Issues detected – see alerts above
2025-06-06 09:12:01 [WATCHDOG] ---- watchdog run ----
2025-06-06 09:12:47 [WATCHDOG] ALERT: Analytics API status endpoint is DOWN (fails=54)
2025-06-06 09:12:47 [WATCHDOG] Futures Bot healthy
2025-06-06 09:12:47 [WATCHDOG] Issues detected – see alerts above
2025-06-06 09:14:01 [WATCHDOG] ---- watchdog run ----
2025-06-06 09:14:47 [WATCHDOG] ALERT: Analytics API status endpoint is DOWN (fails=55)
2025-06-06 09:14:47 [WATCHDOG] Futures Bot healthy
2025-06-06 09:14:47 [WATCHDOG] Issues detected – see alerts above
2025-06-06 09:16:01 [WATCHDOG] ---- watchdog run ----
2025-06-06 09:16:47 [WATCHDOG] ALERT: Analytics API status endpoint is DOWN (fails=56)
2025-06-06 09:16:47 [WATCHDOG] Futures Bot healthy
2025-06-06 09:16:47 [WATCHDOG] Issues detected – see alerts above
2025-06-06 09:18:01 [WATCHDOG] ---- watchdog run ----
2025-06-06 09:18:47 [WATCHDOG] ALERT: Analytics API status endpoint is DOWN (fails=57)
2025-06-06 09:18:47 [WATCHDOG] Futures Bot healthy
2025-06-06 09:18:47 [WATCHDOG] Issues detected – see alerts above
2025-06-06 09:20:01 [WATCHDOG] ---- watchdog run ----
2025-06-06 09:20:47 [WATCHDOG] ALERT: Analytics API status endpoint is DOWN (fails=58)
2025-06-06 09:20:47 [WATCHDOG] Futures Bot healthy
2025-06-06 09:20:47 [WATCHDOG] Issues detected – see alerts above
2025-06-06 09:22:01 [WATCHDOG] ---- watchdog run ----
2025-06-06 09:22:47 [WATCHDOG] ALERT: Analytics API status endpoint is DOWN (fails=59)
2025-06-06 09:22:47 [WATCHDOG] Futures Bot healthy
2025-06-06 09:22:47 [WATCHDOG] Issues detected – see alerts above
2025-06-06 09:24:01 [WATCHDOG] ---- watchdog run ----
2025-06-06 09:24:47 [WATCHDOG] ALERT: Analytics API status endpoint is DOWN (fails=60)
2025-06-06 09:24:47 [WATCHDOG] Futures Bot healthy
2025-06-06 09:24:47 [WATCHDOG] Issues detected – see alerts above
2025-06-06 09:26:01 [WATCHDOG] ---- watchdog run ----
2025-06-06 09:26:48 [WATCHDOG] ALERT: Analytics API status endpoint is DOWN (fails=61)
2025-06-06 09:26:48 [WATCHDOG] Futures Bot healthy
2025-06-06 09:26:48 [WATCHDOG] Issues detected – see alerts above
2025-06-06 09:28:01 [WATCHDOG] ---- watchdog run ----
2025-06-06 09:28:47 [WATCHDOG] ALERT: Analytics API status endpoint is DOWN (fails=62)
2025-06-06 09:28:47 [WATCHDOG] Futures Bot healthy
2025-06-06 09:28:47 [WATCHDOG] Issues detected – see alerts above
2025-06-06 09:30:01 [WATCHDOG] ---- watchdog run ----
2025-06-06 09:30:47 [WATCHDOG] ALERT: Analytics API status endpoint is DOWN (fails=63)
2025-06-06 09:30:47 [WATCHDOG] Futures Bot healthy
2025-06-06 09:30:47 [WATCHDOG] Issues detected – see alerts above
2025-06-06 09:32:01 [WATCHDOG] ---- watchdog run ----
2025-06-06 09:32:47 [WATCHDOG] ALERT: Analytics API status endpoint is DOWN (fails=64)
2025-06-06 09:32:47 [WATCHDOG] Futures Bot healthy
2025-06-06 09:32:47 [WATCHDOG] Issues detected – see alerts above
2025-06-06 09:34:01 [WATCHDOG] ---- watchdog run ----
2025-06-06 09:34:47 [WATCHDOG] ALERT: Analytics API status endpoint is DOWN (fails=65)
2025-06-06 09:34:47 [WATCHDOG] Futures Bot healthy
2025-06-06 09:34:47 [WATCHDOG] Issues detected – see alerts above
2025-06-06 09:36:01 [WATCHDOG] ---- watchdog run ----
2025-06-06 09:36:47 [WATCHDOG] ALERT: Analytics API status endpoint is DOWN (fails=66)
2025-06-06 09:36:47 [WATCHDOG] Futures Bot healthy
2025-06-06 09:36:47 [WATCHDOG] Issues detected – see alerts above
2025-06-06 09:38:01 [WATCHDOG] ---- watchdog run ----
2025-06-06 09:38:47 [WATCHDOG] ALERT: Analytics API status endpoint is DOWN (fails=67)
2025-06-06 09:38:47 [WATCHDOG] Futures Bot healthy
2025-06-06 09:38:47 [WATCHDOG] Issues detected – see alerts above
2025-06-06 09:40:02 [WATCHDOG] ---- watchdog run ----
2025-06-06 09:40:48 [WATCHDOG] ALERT: Analytics API status endpoint is DOWN (fails=68)
2025-06-06 09:40:48 [WATCHDOG] Futures Bot healthy
2025-06-06 09:40:48 [WATCHDOG] Issues detected – see alerts above
2025-06-06 09:42:01 [WATCHDOG] ---- watchdog run ----
2025-06-06 09:42:47 [WATCHDOG] ALERT: Analytics API status endpoint is DOWN (fails=69)
2025-06-06 09:42:47 [WATCHDOG] Futures Bot healthy
2025-06-06 09:42:47 [WATCHDOG] Issues detected – see alerts above
2025-06-06 09:44:01 [WATCHDOG] ---- watchdog run ----
2025-06-06 09:44:47 [WATCHDOG] ALERT: Analytics API status endpoint is DOWN (fails=70)
2025-06-06 09:44:47 [WATCHDOG] Futures Bot healthy
2025-06-06 09:44:47 [WATCHDOG] Issues detected – see alerts above
2025-06-06 09:46:01 [WATCHDOG] ---- watchdog run ----
2025-06-06 09:46:47 [WATCHDOG] ALERT: Analytics API status endpoint is DOWN (fails=71)
2025-06-06 09:46:47 [WATCHDOG] Futures Bot healthy
2025-06-06 09:46:47 [WATCHDOG] Issues detected – see alerts above
2025-06-06 09:48:01 [WATCHDOG] ---- watchdog run ----
2025-06-06 09:48:47 [WATCHDOG] ALERT: Analytics API status endpoint is DOWN (fails=72)
2025-06-06 09:48:47 [WATCHDOG] Futures Bot healthy
2025-06-06 09:48:47 [WATCHDOG] Issues detected – see alerts above
2025-06-06 09:50:01 [WATCHDOG] ---- watchdog run ----
2025-06-06 09:50:47 [WATCHDOG] ALERT: Analytics API status endpoint is DOWN (fails=73)
2025-06-06 09:50:47 [WATCHDOG] Futures Bot healthy
2025-06-06 09:50:47 [WATCHDOG] Issues detected – see alerts above
2025-06-06 09:52:01 [WATCHDOG] ---- watchdog run ----
2025-06-06 09:52:47 [WATCHDOG] ALERT: Analytics API status endpoint is DOWN (fails=74)
2025-06-06 09:52:47 [WATCHDOG] Futures Bot healthy
2025-06-06 09:52:47 [WATCHDOG] Issues detected – see alerts above
2025-06-06 09:54:01 [WATCHDOG] ---- watchdog run ----
2025-06-06 09:54:47 [WATCHDOG] ALERT: Analytics API status endpoint is DOWN (fails=75)
2025-06-06 09:54:47 [WATCHDOG] Futures Bot healthy
2025-06-06 09:54:47 [WATCHDOG] Issues detected – see alerts above
2025-06-06 09:56:01 [WATCHDOG] ---- watchdog run ----
2025-06-06 09:56:47 [WATCHDOG] ALERT: Analytics API status endpoint is DOWN (fails=76)
2025-06-06 09:56:48 [WATCHDOG] Futures Bot healthy
2025-06-06 09:56:48 [WATCHDOG] Issues detected – see alerts above
2025-06-06 09:58:00 [WATCHDOG] ---- watchdog run ----
2025-06-06 09:58:46 [WATCHDOG] ALERT: Analytics API status endpoint is DOWN (fails=77)
2025-06-06 09:58:46 [WATCHDOG] Futures Bot healthy
2025-06-06 09:58:46 [WATCHDOG] Issues detected – see alerts above
2025-06-06 10:00:01 [WATCHDOG] ---- watchdog run ----
2025-06-06 10:00:47 [WATCHDOG] ALERT: Analytics API status endpoint is DOWN (fails=78)
2025-06-06 10:00:48 [WATCHDOG] Futures Bot healthy
2025-06-06 10:00:48 [WATCHDOG] Issues detected – see alerts above
2025-06-06 10:02:01 [WATCHDOG] ---- watchdog run ----
2025-06-06 10:02:48 [WATCHDOG] ALERT: Analytics API status endpoint is DOWN (fails=79)
2025-06-06 10:02:48 [WATCHDOG] Futures Bot healthy
2025-06-06 10:02:48 [WATCHDOG] Issues detected – see alerts above
2025-06-06 10:04:01 [WATCHDOG] ---- watchdog run ----
2025-06-06 10:04:47 [WATCHDOG] ALERT: Analytics API status endpoint is DOWN (fails=80)
2025-06-06 10:04:47 [WATCHDOG] Futures Bot healthy
2025-06-06 10:04:47 [WATCHDOG] Issues detected – see alerts above
2025-06-06 10:06:01 [WATCHDOG] ---- watchdog run ----
2025-06-06 10:06:47 [WATCHDOG] ALERT: Analytics API status endpoint is DOWN (fails=81)
2025-06-06 10:06:47 [WATCHDOG] Futures Bot healthy
2025-06-06 10:06:47 [WATCHDOG] Issues detected – see alerts above
2025-06-06 10:08:01 [WATCHDOG] ---- watchdog run ----
2025-06-06 10:08:47 [WATCHDOG] ALERT: Analytics API status endpoint is DOWN (fails=82)
2025-06-06 10:08:47 [WATCHDOG] Futures Bot healthy
2025-06-06 10:08:47 [WATCHDOG] Issues detected – see alerts above
2025-06-06 10:10:01 [WATCHDOG] ---- watchdog run ----
2025-06-06 10:10:47 [WATCHDOG] ALERT: Analytics API status endpoint is DOWN (fails=83)
2025-06-06 10:10:47 [WATCHDOG] Futures Bot healthy
2025-06-06 10:10:47 [WATCHDOG] Issues detected – see alerts above
2025-06-06 10:12:01 [WATCHDOG] ---- watchdog run ----
2025-06-06 10:12:47 [WATCHDOG] ALERT: Analytics API status endpoint is DOWN (fails=84)
2025-06-06 10:12:47 [WATCHDOG] Futures Bot healthy
2025-06-06 10:12:47 [WATCHDOG] Issues detected – see alerts above
2025-06-06 10:14:01 [WATCHDOG] ---- watchdog run ----
2025-06-06 10:14:47 [WATCHDOG] ALERT: Analytics API status endpoint is DOWN (fails=85)
2025-06-06 10:14:47 [WATCHDOG] Futures Bot healthy
2025-06-06 10:14:47 [WATCHDOG] Issues detected – see alerts above
2025-06-06 10:16:01 [WATCHDOG] ---- watchdog run ----
2025-06-06 10:16:47 [WATCHDOG] ALERT: Analytics API status endpoint is DOWN (fails=86)
2025-06-06 10:16:47 [WATCHDOG] Futures Bot healthy
2025-06-06 10:16:47 [WATCHDOG] Issues detected – see alerts above
2025-06-06 10:18:01 [WATCHDOG] ---- watchdog run ----
2025-06-06 10:18:47 [WATCHDOG] ALERT: Analytics API status endpoint is DOWN (fails=87)
2025-06-06 10:18:48 [WATCHDOG] Futures Bot healthy
2025-06-06 10:18:48 [WATCHDOG] Issues detected – see alerts above
2025-06-06 10:20:01 [WATCHDOG] ---- watchdog run ----
2025-06-06 10:20:48 [WATCHDOG] ALERT: Analytics API status endpoint is DOWN (fails=88)
2025-06-06 10:20:48 [WATCHDOG] Futures Bot healthy
2025-06-06 10:20:48 [WATCHDOG] Issues detected – see alerts above
2025-06-06 10:22:01 [WATCHDOG] ---- watchdog run ----
2025-06-06 10:22:48 [WATCHDOG] ALERT: Analytics API status endpoint is DOWN (fails=89)
2025-06-06 10:22:48 [WATCHDOG] Futures Bot healthy
2025-06-06 10:22:48 [WATCHDOG] Issues detected – see alerts above
2025-06-06 10:24:01 [WATCHDOG] ---- watchdog run ----
2025-06-06 10:24:47 [WATCHDOG] ALERT: Analytics API status endpoint is DOWN (fails=90)
2025-06-06 10:24:47 [WATCHDOG] Futures Bot healthy
2025-06-06 10:24:47 [WATCHDOG] Issues detected – see alerts above
2025-06-06 10:26:01 [WATCHDOG] ---- watchdog run ----
2025-06-06 10:26:47 [WATCHDOG] ALERT: Analytics API status endpoint is DOWN (fails=91)
2025-06-06 10:26:47 [WATCHDOG] Futures Bot healthy
2025-06-06 10:26:47 [WATCHDOG] Issues detected – see alerts above
2025-06-06 10:28:01 [WATCHDOG] ---- watchdog run ----
2025-06-06 10:28:47 [WATCHDOG] ALERT: Analytics API status endpoint is DOWN (fails=92)
2025-06-06 10:28:47 [WATCHDOG] Futures Bot healthy
2025-06-06 10:28:47 [WATCHDOG] Issues detected – see alerts above
2025-06-06 10:30:01 [WATCHDOG] ---- watchdog run ----
2025-06-06 10:30:47 [WATCHDOG] ALERT: Analytics API status endpoint is DOWN (fails=93)
2025-06-06 10:30:47 [WATCHDOG] Futures Bot healthy
2025-06-06 10:30:47 [WATCHDOG] Issues detected – see alerts above
2025-06-06 10:32:01 [WATCHDOG] ---- watchdog run ----
2025-06-06 10:32:47 [WATCHDOG] ALERT: Analytics API status endpoint is DOWN (fails=94)
2025-06-06 10:32:47 [WATCHDOG] Futures Bot healthy
2025-06-06 10:32:47 [WATCHDOG] Issues detected – see alerts above
2025-06-06 10:34:01 [WATCHDOG] ---- watchdog run ----
2025-06-06 10:34:47 [WATCHDOG] ALERT: Analytics API status endpoint is DOWN (fails=95)
2025-06-06 10:34:47 [WATCHDOG] Futures Bot healthy
2025-06-06 10:34:47 [WATCHDOG] Issues detected – see alerts above
2025-06-06 10:36:01 [WATCHDOG] ---- watchdog run ----
2025-06-06 10:36:47 [WATCHDOG] ALERT: Analytics API status endpoint is DOWN (fails=96)
2025-06-06 10:36:47 [WATCHDOG] Futures Bot healthy
2025-06-06 10:36:48 [WATCHDOG] Issues detected – see alerts above
2025-06-06 10:38:01 [WATCHDOG] ---- watchdog run ----
2025-06-06 10:38:47 [WATCHDOG] ALERT: Analytics API status endpoint is DOWN (fails=97)
2025-06-06 10:38:47 [WATCHDOG] Futures Bot healthy
2025-06-06 10:38:47 [WATCHDOG] Issues detected – see alerts above
2025-06-06 10:40:01 [WATCHDOG] ---- watchdog run ----
2025-06-06 10:40:47 [WATCHDOG] ALERT: Analytics API status endpoint is DOWN (fails=98)
2025-06-06 10:40:48 [WATCHDOG] Futures Bot healthy
2025-06-06 10:40:48 [WATCHDOG] Issues detected – see alerts above
2025-06-06 10:42:01 [WATCHDOG] ---- watchdog run ----
2025-06-06 10:42:47 [WATCHDOG] ALERT: Analytics API status endpoint is DOWN (fails=99)
2025-06-06 10:42:47 [WATCHDOG] Futures Bot healthy
2025-06-06 10:42:47 [WATCHDOG] Issues detected – see alerts above
2025-06-06 10:44:01 [WATCHDOG] ---- watchdog run ----
2025-06-06 10:44:47 [WATCHDOG] ALERT: Analytics API status endpoint is DOWN (fails=100)
2025-06-06 10:44:48 [WATCHDOG] Futures Bot healthy
2025-06-06 10:44:48 [WATCHDOG] Issues detected – see alerts above
2025-06-06 10:46:01 [WATCHDOG] ---- watchdog run ----
2025-06-06 10:46:47 [WATCHDOG] ALERT: Analytics API status endpoint is DOWN (fails=101)
2025-06-06 10:46:47 [WATCHDOG] Futures Bot healthy
2025-06-06 10:46:47 [WATCHDOG] Issues detected – see alerts above
2025-06-06 10:48:01 [WATCHDOG] ---- watchdog run ----
2025-06-06 10:48:47 [WATCHDOG] ALERT: Analytics API status endpoint is DOWN (fails=102)
2025-06-06 10:48:47 [WATCHDOG] Futures Bot healthy
2025-06-06 10:48:47 [WATCHDOG] Issues detected – see alerts above
2025-06-06 10:50:01 [WATCHDOG] ---- watchdog run ----
2025-06-06 10:50:47 [WATCHDOG] ALERT: Analytics API status endpoint is DOWN (fails=103)
2025-06-06 10:50:47 [WATCHDOG] Futures Bot healthy
2025-06-06 10:50:47 [WATCHDOG] Issues detected – see alerts above
2025-06-06 10:52:01 [WATCHDOG] ---- watchdog run ----
2025-06-06 10:52:47 [WATCHDOG] ALERT: Analytics API status endpoint is DOWN (fails=104)
2025-06-06 10:52:47 [WATCHDOG] Futures Bot healthy
2025-06-06 10:52:47 [WATCHDOG] Issues detected – see alerts above
2025-06-06 10:54:01 [WATCHDOG] ---- watchdog run ----
2025-06-06 10:54:47 [WATCHDOG] ALERT: Analytics API status endpoint is DOWN (fails=105)
2025-06-06 10:54:47 [WATCHDOG] Futures Bot healthy
2025-06-06 10:54:47 [WATCHDOG] Issues detected – see alerts above
2025-06-06 10:56:01 [WATCHDOG] ---- watchdog run ----
2025-06-06 10:56:47 [WATCHDOG] ALERT: Analytics API status endpoint is DOWN (fails=106)
2025-06-06 10:56:47 [WATCHDOG] Futures Bot healthy
2025-06-06 10:56:47 [WATCHDOG] Issues detected – see alerts above
2025-06-06 10:58:01 [WATCHDOG] ---- watchdog run ----
2025-06-06 10:58:47 [WATCHDOG] ALERT: Analytics API status endpoint is DOWN (fails=107)
2025-06-06 10:58:47 [WATCHDOG] Futures Bot healthy
2025-06-06 10:58:47 [WATCHDOG] Issues detected – see alerts above
2025-06-06 11:00:01 [WATCHDOG] ---- watchdog run ----
2025-06-06 11:00:47 [WATCHDOG] ALERT: Analytics API status endpoint is DOWN (fails=108)
2025-06-06 11:00:47 [WATCHDOG] Futures Bot healthy
2025-06-06 11:00:47 [WATCHDOG] Issues detected – see alerts above
2025-06-06 11:02:01 [WATCHDOG] ---- watchdog run ----
2025-06-06 11:02:48 [WATCHDOG] ALERT: Analytics API status endpoint is DOWN (fails=109)
2025-06-06 11:02:48 [WATCHDOG] Futures Bot healthy
2025-06-06 11:02:48 [WATCHDOG] Issues detected – see alerts above
2025-06-06 11:04:01 [WATCHDOG] ---- watchdog run ----
2025-06-06 11:04:47 [WATCHDOG] ALERT: Analytics API status endpoint is DOWN (fails=110)
2025-06-06 11:04:47 [WATCHDOG] Futures Bot healthy
2025-06-06 11:04:47 [WATCHDOG] Issues detected – see alerts above
2025-06-06 11:06:01 [WATCHDOG] ---- watchdog run ----
2025-06-06 11:06:47 [WATCHDOG] ALERT: Analytics API status endpoint is DOWN (fails=111)
2025-06-06 11:06:47 [WATCHDOG] Futures Bot healthy
2025-06-06 11:06:47 [WATCHDOG] Issues detected – see alerts above
2025-06-06 11:08:01 [WATCHDOG] ---- watchdog run ----
2025-06-06 11:08:47 [WATCHDOG] ALERT: Analytics API status endpoint is DOWN (fails=112)
2025-06-06 11:08:47 [WATCHDOG] Futures Bot healthy
2025-06-06 11:08:47 [WATCHDOG] Issues detected – see alerts above
2025-06-06 11:10:01 [WATCHDOG] ---- watchdog run ----
2025-06-06 11:10:47 [WATCHDOG] ALERT: Analytics API status endpoint is DOWN (fails=113)
2025-06-06 11:10:47 [WATCHDOG] Futures Bot healthy
2025-06-06 11:10:47 [WATCHDOG] Issues detected – see alerts above
2025-06-06 11:12:01 [WATCHDOG] ---- watchdog run ----
2025-06-06 11:12:47 [WATCHDOG] ALERT: Analytics API status endpoint is DOWN (fails=114)
2025-06-06 11:12:47 [WATCHDOG] Futures Bot healthy
2025-06-06 11:12:47 [WATCHDOG] Issues detected – see alerts above
2025-06-06 11:14:01 [WATCHDOG] ---- watchdog run ----
2025-06-06 11:14:47 [WATCHDOG] ALERT: Analytics API status endpoint is DOWN (fails=115)
2025-06-06 11:14:47 [WATCHDOG] Futures Bot healthy
2025-06-06 11:14:47 [WATCHDOG] Issues detected – see alerts above
2025-06-06 11:16:01 [WATCHDOG] ---- watchdog run ----
2025-06-06 11:16:47 [WATCHDOG] ALERT: Analytics API status endpoint is DOWN (fails=116)
2025-06-06 11:16:48 [WATCHDOG] Futures Bot healthy
2025-06-06 11:16:48 [WATCHDOG] Issues detected – see alerts above
2025-06-06 11:18:01 [WATCHDOG] ---- watchdog run ----
2025-06-06 11:18:47 [WATCHDOG] ALERT: Analytics API status endpoint is DOWN (fails=117)
2025-06-06 11:18:47 [WATCHDOG] Futures Bot healthy
2025-06-06 11:18:47 [WATCHDOG] Issues detected – see alerts above
2025-06-06 11:20:01 [WATCHDOG] ---- watchdog run ----
2025-06-06 11:20:47 [WATCHDOG] ALERT: Analytics API status endpoint is DOWN (fails=118)
2025-06-06 11:20:48 [WATCHDOG] Futures Bot healthy
2025-06-06 11:20:48 [WATCHDOG] Issues detected – see alerts above
2025-06-06 11:22:01 [WATCHDOG] ---- watchdog run ----
2025-06-06 11:22:47 [WATCHDOG] ALERT: Analytics API status endpoint is DOWN (fails=119)
2025-06-06 11:22:47 [WATCHDOG] Futures Bot healthy
2025-06-06 11:22:47 [WATCHDOG] Issues detected – see alerts above
2025-06-06 11:24:01 [WATCHDOG] ---- watchdog run ----
2025-06-06 11:24:47 [WATCHDOG] ALERT: Analytics API status endpoint is DOWN (fails=120)
2025-06-06 11:24:47 [WATCHDOG] Futures Bot healthy
2025-06-06 11:24:47 [WATCHDOG] Issues detected – see alerts above
2025-06-06 11:26:01 [WATCHDOG] ---- watchdog run ----
2025-06-06 11:26:47 [WATCHDOG] ALERT: Analytics API status endpoint is DOWN (fails=121)
2025-06-06 11:26:47 [WATCHDOG] Futures Bot healthy
2025-06-06 11:26:47 [WATCHDOG] Issues detected – see alerts above
2025-06-06 11:28:01 [WATCHDOG] ---- watchdog run ----
2025-06-06 11:28:47 [WATCHDOG] ALERT: Analytics API status endpoint is DOWN (fails=122)
2025-06-06 11:28:48 [WATCHDOG] Futures Bot healthy
2025-06-06 11:28:48 [WATCHDOG] Issues detected – see alerts above
2025-06-06 11:30:01 [WATCHDOG] ---- watchdog run ----
2025-06-06 11:30:47 [WATCHDOG] ALERT: Analytics API status endpoint is DOWN (fails=123)
2025-06-06 11:30:47 [WATCHDOG] Futures Bot healthy
2025-06-06 11:30:47 [WATCHDOG] Issues detected – see alerts above
2025-06-06 11:32:01 [WATCHDOG] ---- watchdog run ----
2025-06-06 11:32:47 [WATCHDOG] ALERT: Analytics API status endpoint is DOWN (fails=124)
2025-06-06 11:32:47 [WATCHDOG] Futures Bot healthy
2025-06-06 11:32:47 [WATCHDOG] Issues detected – see alerts above
2025-06-06 11:34:01 [WATCHDOG] ---- watchdog run ----
2025-06-06 11:34:47 [WATCHDOG] ALERT: Analytics API status endpoint is DOWN (fails=125)
2025-06-06 11:34:47 [WATCHDOG] Futures Bot healthy
2025-06-06 11:34:47 [WATCHDOG] Issues detected – see alerts above
2025-06-06 11:36:01 [WATCHDOG] ---- watchdog run ----
2025-06-06 11:36:47 [WATCHDOG] ALERT: Analytics API status endpoint is DOWN (fails=126)
2025-06-06 11:36:47 [WATCHDOG] Futures Bot healthy
2025-06-06 11:36:47 [WATCHDOG] Issues detected – see alerts above
2025-06-06 11:38:01 [WATCHDOG] ---- watchdog run ----
2025-06-06 11:38:48 [WATCHDOG] ALERT: Analytics API status endpoint is DOWN (fails=127)
2025-06-06 11:38:48 [WATCHDOG] Futures Bot healthy
2025-06-06 11:38:48 [WATCHDOG] Issues detected – see alerts above
2025-06-06 11:40:01 [WATCHDOG] ---- watchdog run ----
2025-06-06 11:40:47 [WATCHDOG] ALERT: Analytics API status endpoint is DOWN (fails=128)
2025-06-06 11:40:47 [WATCHDOG] Futures Bot healthy
2025-06-06 11:40:47 [WATCHDOG] Issues detected – see alerts above
2025-06-06 11:42:01 [WATCHDOG] ---- watchdog run ----
2025-06-06 11:42:47 [WATCHDOG] ALERT: Analytics API status endpoint is DOWN (fails=129)
2025-06-06 11:42:47 [WATCHDOG] Futures Bot healthy
2025-06-06 11:42:47 [WATCHDOG] Issues detected – see alerts above
2025-06-06 11:44:01 [WATCHDOG] ---- watchdog run ----
2025-06-06 11:44:47 [WATCHDOG] ALERT: Analytics API status endpoint is DOWN (fails=130)
2025-06-06 11:44:47 [WATCHDOG] Futures Bot healthy
2025-06-06 11:44:47 [WATCHDOG] Issues detected – see alerts above
2025-06-06 11:46:01 [WATCHDOG] ---- watchdog run ----
2025-06-06 11:46:47 [WATCHDOG] ALERT: Analytics API status endpoint is DOWN (fails=131)
2025-06-06 11:46:47 [WATCHDOG] Futures Bot healthy
2025-06-06 11:46:47 [WATCHDOG] Issues detected – see alerts above
2025-06-06 11:48:01 [WATCHDOG] ---- watchdog run ----
2025-06-06 11:48:47 [WATCHDOG] ALERT: Analytics API status endpoint is DOWN (fails=132)
2025-06-06 11:48:47 [WATCHDOG] Futures Bot healthy
2025-06-06 11:48:47 [WATCHDOG] Issues detected – see alerts above
2025-06-06 11:50:01 [WATCHDOG] ---- watchdog run ----
2025-06-06 11:50:47 [WATCHDOG] ALERT: Analytics API status endpoint is DOWN (fails=133)
2025-06-06 11:50:47 [WATCHDOG] Futures Bot healthy
2025-06-06 11:50:47 [WATCHDOG] Issues detected – see alerts above
2025-06-06 11:52:01 [WATCHDOG] ---- watchdog run ----
2025-06-06 11:52:47 [WATCHDOG] ALERT: Analytics API status endpoint is DOWN (fails=134)
2025-06-06 11:52:47 [WATCHDOG] Futures Bot healthy
2025-06-06 11:52:47 [WATCHDOG] Issues detected – see alerts above
2025-06-06 11:54:01 [WATCHDOG] ---- watchdog run ----
2025-06-06 11:54:47 [WATCHDOG] ALERT: Analytics API status endpoint is DOWN (fails=135)
2025-06-06 11:54:47 [WATCHDOG] Futures Bot healthy
2025-06-06 11:54:47 [WATCHDOG] Issues detected – see alerts above
2025-06-06 11:56:01 [WATCHDOG] ---- watchdog run ----
2025-06-06 11:56:47 [WATCHDOG] ALERT: Analytics API status endpoint is DOWN (fails=136)
2025-06-06 11:56:47 [WATCHDOG] Futures Bot healthy
2025-06-06 11:56:47 [WATCHDOG] Issues detected – see alerts above
2025-06-06 11:58:01 [WATCHDOG] ---- watchdog run ----
2025-06-06 11:58:47 [WATCHDOG] ALERT: Analytics API status endpoint is DOWN (fails=137)
2025-06-06 11:58:47 [WATCHDOG] Futures Bot healthy
2025-06-06 11:58:47 [WATCHDOG] Issues detected – see alerts above
2025-06-06 12:00:02 [WATCHDOG] ---- watchdog run ----
2025-06-06 12:00:48 [WATCHDOG] ALERT: Analytics API status endpoint is DOWN (fails=138)
2025-06-06 12:00:48 [WATCHDOG] Futures Bot healthy
2025-06-06 12:00:48 [WATCHDOG] Issues detected – see alerts above
2025-06-06 12:02:01 [WATCHDOG] ---- watchdog run ----
2025-06-06 12:02:47 [WATCHDOG] ALERT: Analytics API status endpoint is DOWN (fails=139)
2025-06-06 12:02:47 [WATCHDOG] Futures Bot healthy
2025-06-06 12:02:47 [WATCHDOG] Issues detected – see alerts above
2025-06-06 12:04:01 [WATCHDOG] ---- watchdog run ----
2025-06-06 12:04:47 [WATCHDOG] ALERT: Analytics API status endpoint is DOWN (fails=140)
2025-06-06 12:04:47 [WATCHDOG] Futures Bot healthy
2025-06-06 12:04:47 [WATCHDOG] Issues detected – see alerts above
2025-06-06 12:06:01 [WATCHDOG] ---- watchdog run ----
2025-06-06 12:06:47 [WATCHDOG] ALERT: Analytics API status endpoint is DOWN (fails=141)
2025-06-06 12:06:48 [WATCHDOG] Futures Bot healthy
2025-06-06 12:06:48 [WATCHDOG] Issues detected – see alerts above
2025-06-06 12:08:01 [WATCHDOG] ---- watchdog run ----
2025-06-06 12:08:47 [WATCHDOG] ALERT: Analytics API status endpoint is DOWN (fails=142)
2025-06-06 12:08:47 [WATCHDOG] Futures Bot healthy
2025-06-06 12:08:47 [WATCHDOG] Issues detected – see alerts above
2025-06-06 12:10:01 [WATCHDOG] ---- watchdog run ----
2025-06-06 12:10:47 [WATCHDOG] ALERT: Analytics API status endpoint is DOWN (fails=143)
2025-06-06 12:10:48 [WATCHDOG] Futures Bot healthy
2025-06-06 12:10:48 [WATCHDOG] Issues detected – see alerts above
2025-06-06 12:12:01 [WATCHDOG] ---- watchdog run ----
2025-06-06 12:12:47 [WATCHDOG] ALERT: Analytics API status endpoint is DOWN (fails=144)
2025-06-06 12:12:47 [WATCHDOG] Futures Bot healthy
2025-06-06 12:12:47 [WATCHDOG] Issues detected – see alerts above
2025-06-06 12:14:01 [WATCHDOG] ---- watchdog run ----
2025-06-06 12:14:47 [WATCHDOG] ALERT: Analytics API status endpoint is DOWN (fails=145)
2025-06-06 12:14:47 [WATCHDOG] Futures Bot healthy
2025-06-06 12:14:47 [WATCHDOG] Issues detected – see alerts above
2025-06-06 12:16:01 [WATCHDOG] ---- watchdog run ----
2025-06-06 12:16:47 [WATCHDOG] ALERT: Analytics API status endpoint is DOWN (fails=146)
2025-06-06 12:16:48 [WATCHDOG] Futures Bot healthy
2025-06-06 12:16:48 [WATCHDOG] Issues detected – see alerts above
2025-06-06 12:18:01 [WATCHDOG] ---- watchdog run ----
2025-06-06 12:18:47 [WATCHDOG] ALERT: Analytics API status endpoint is DOWN (fails=147)
2025-06-06 12:18:47 [WATCHDOG] Futures Bot healthy
2025-06-06 12:18:47 [WATCHDOG] Issues detected – see alerts above
2025-06-06 12:20:01 [WATCHDOG] ---- watchdog run ----
2025-06-06 12:20:47 [WATCHDOG] ALERT: Analytics API status endpoint is DOWN (fails=148)
2025-06-06 12:20:47 [WATCHDOG] Futures Bot healthy
2025-06-06 12:20:47 [WATCHDOG] Issues detected – see alerts above
2025-06-06 12:22:01 [WATCHDOG] ---- watchdog run ----
2025-06-06 12:22:47 [WATCHDOG] ALERT: Analytics API status endpoint is DOWN (fails=149)
2025-06-06 12:22:47 [WATCHDOG] Futures Bot healthy
2025-06-06 12:22:47 [WATCHDOG] Issues detected – see alerts above
2025-06-06 12:24:01 [WATCHDOG] ---- watchdog run ----
2025-06-06 12:24:47 [WATCHDOG] ALERT: Analytics API status endpoint is DOWN (fails=150)
2025-06-06 12:24:47 [WATCHDOG] Futures Bot healthy
2025-06-06 12:24:47 [WATCHDOG] Issues detected – see alerts above
2025-06-06 12:26:01 [WATCHDOG] ---- watchdog run ----
2025-06-06 12:26:47 [WATCHDOG] ALERT: Analytics API status endpoint is DOWN (fails=151)
2025-06-06 12:26:47 [WATCHDOG] Futures Bot healthy
2025-06-06 12:26:47 [WATCHDOG] Issues detected – see alerts above
2025-06-06 12:28:01 [WATCHDOG] ---- watchdog run ----
2025-06-06 12:28:47 [WATCHDOG] ALERT: Analytics API status endpoint is DOWN (fails=152)
2025-06-06 12:28:47 [WATCHDOG] Futures Bot healthy
2025-06-06 12:28:47 [WATCHDOG] Issues detected – see alerts above
2025-06-06 12:30:01 [WATCHDOG] ---- watchdog run ----
2025-06-06 12:30:47 [WATCHDOG] ALERT: Analytics API status endpoint is DOWN (fails=153)
2025-06-06 12:30:47 [WATCHDOG] Futures Bot healthy
2025-06-06 12:30:47 [WATCHDOG] Issues detected – see alerts above
2025-06-06 12:32:01 [WATCHDOG] ---- watchdog run ----
2025-06-06 12:32:47 [WATCHDOG] ALERT: Analytics API status endpoint is DOWN (fails=154)
2025-06-06 12:32:47 [WATCHDOG] Futures Bot healthy
2025-06-06 12:32:47 [WATCHDOG] Issues detected – see alerts above
2025-06-06 12:34:01 [WATCHDOG] ---- watchdog run ----
2025-06-06 12:34:47 [WATCHDOG] ALERT: Analytics API status endpoint is DOWN (fails=155)
2025-06-06 12:34:48 [WATCHDOG] Futures Bot healthy
2025-06-06 12:34:48 [WATCHDOG] Issues detected – see alerts above
2025-06-06 12:36:01 [WATCHDOG] ---- watchdog run ----
2025-06-06 12:36:47 [WATCHDOG] ALERT: Analytics API status endpoint is DOWN (fails=156)
2025-06-06 12:36:47 [WATCHDOG] Futures Bot healthy
2025-06-06 12:36:47 [WATCHDOG] Issues detected – see alerts above
2025-06-06 12:38:01 [WATCHDOG] ---- watchdog run ----
2025-06-06 12:38:47 [WATCHDOG] ALERT: Analytics API status endpoint is DOWN (fails=157)
2025-06-06 12:38:47 [WATCHDOG] Futures Bot healthy
2025-06-06 12:38:47 [WATCHDOG] Issues detected – see alerts above
2025-06-06 12:40:01 [WATCHDOG] ---- watchdog run ----
2025-06-06 12:40:47 [WATCHDOG] ALERT: Analytics API status endpoint is DOWN (fails=158)
2025-06-06 12:40:47 [WATCHDOG] Futures Bot healthy
2025-06-06 12:40:47 [WATCHDOG] Issues detected – see alerts above
2025-06-06 12:42:01 [WATCHDOG] ---- watchdog run ----
2025-06-06 12:42:47 [WATCHDOG] ALERT: Analytics API status endpoint is DOWN (fails=159)
2025-06-06 12:42:47 [WATCHDOG] Futures Bot healthy
2025-06-06 12:42:47 [WATCHDOG] Issues detected – see alerts above
2025-06-06 12:44:01 [WATCHDOG] ---- watchdog run ----
2025-06-06 12:44:47 [WATCHDOG] ALERT: Analytics API status endpoint is DOWN (fails=160)
2025-06-06 12:44:48 [WATCHDOG] Futures Bot healthy
2025-06-06 12:44:48 [WATCHDOG] Issues detected – see alerts above
2025-06-06 12:46:01 [WATCHDOG] ---- watchdog run ----
2025-06-06 12:46:47 [WATCHDOG] ALERT: Analytics API status endpoint is DOWN (fails=161)
2025-06-06 12:46:47 [WATCHDOG] Futures Bot healthy
2025-06-06 12:46:47 [WATCHDOG] Issues detected – see alerts above
2025-06-06 12:48:01 [WATCHDOG] ---- watchdog run ----
2025-06-06 12:48:47 [WATCHDOG] ALERT: Analytics API status endpoint is DOWN (fails=162)
2025-06-06 12:48:47 [WATCHDOG] Futures Bot healthy
2025-06-06 12:48:47 [WATCHDOG] Issues detected – see alerts above
2025-06-06 12:50:01 [WATCHDOG] ---- watchdog run ----
2025-06-06 12:50:47 [WATCHDOG] ALERT: Analytics API status endpoint is DOWN (fails=163)
2025-06-06 12:50:47 [WATCHDOG] Futures Bot healthy
2025-06-06 12:50:47 [WATCHDOG] Issues detected – see alerts above
2025-06-06 12:52:01 [WATCHDOG] ---- watchdog run ----
2025-06-06 12:52:47 [WATCHDOG] ALERT: Analytics API status endpoint is DOWN (fails=164)
2025-06-06 12:52:47 [WATCHDOG] Futures Bot healthy
2025-06-06 12:52:47 [WATCHDOG] Issues detected – see alerts above
2025-06-06 12:54:01 [WATCHDOG] ---- watchdog run ----
2025-06-06 12:54:47 [WATCHDOG] ALERT: Analytics API status endpoint is DOWN (fails=165)
2025-06-06 12:54:47 [WATCHDOG] Futures Bot healthy
2025-06-06 12:54:47 [WATCHDOG] Issues detected – see alerts above
2025-06-06 12:56:01 [WATCHDOG] ---- watchdog run ----
2025-06-06 12:56:47 [WATCHDOG] ALERT: Analytics API status endpoint is DOWN (fails=166)
2025-06-06 12:56:47 [WATCHDOG] Futures Bot healthy
2025-06-06 12:56:47 [WATCHDOG] Issues detected – see alerts above
2025-06-06 12:58:02 [WATCHDOG] ---- watchdog run ----
2025-06-06 12:58:48 [WATCHDOG] ALERT: Analytics API status endpoint is DOWN (fails=167)
2025-06-06 12:58:48 [WATCHDOG] Futures Bot healthy
2025-06-06 12:58:48 [WATCHDOG] Issues detected – see alerts above
2025-06-06 13:00:01 [WATCHDOG] ---- watchdog run ----
2025-06-06 13:00:47 [WATCHDOG] ALERT: Analytics API status endpoint is DOWN (fails=168)
2025-06-06 13:00:47 [WATCHDOG] Futures Bot healthy
2025-06-06 13:00:47 [WATCHDOG] Issues detected – see alerts above
2025-06-06 13:02:01 [WATCHDOG] ---- watchdog run ----
2025-06-06 13:02:47 [WATCHDOG] ALERT: Analytics API status endpoint is DOWN (fails=169)
2025-06-06 13:02:47 [WATCHDOG] Futures Bot healthy
2025-06-06 13:02:47 [WATCHDOG] Issues detected – see alerts above
2025-06-06 13:04:01 [WATCHDOG] ---- watchdog run ----
2025-06-06 13:04:47 [WATCHDOG] ALERT: Analytics API status endpoint is DOWN (fails=170)
2025-06-06 13:04:47 [WATCHDOG] Futures Bot healthy
2025-06-06 13:04:47 [WATCHDOG] Issues detected – see alerts above
2025-06-06 13:06:01 [WATCHDOG] ---- watchdog run ----
2025-06-06 13:06:47 [WATCHDOG] ALERT: Analytics API status endpoint is DOWN (fails=171)
2025-06-06 13:06:47 [WATCHDOG] Futures Bot healthy
2025-06-06 13:06:47 [WATCHDOG] Issues detected – see alerts above
2025-06-06 13:08:01 [WATCHDOG] ---- watchdog run ----
2025-06-06 13:08:47 [WATCHDOG] ALERT: Analytics API status endpoint is DOWN (fails=172)
2025-06-06 13:08:47 [WATCHDOG] Futures Bot healthy
2025-06-06 13:08:47 [WATCHDOG] Issues detected – see alerts above
2025-06-06 13:10:01 [WATCHDOG] ---- watchdog run ----
2025-06-06 13:10:47 [WATCHDOG] ALERT: Analytics API status endpoint is DOWN (fails=173)
2025-06-06 13:10:47 [WATCHDOG] Futures Bot healthy
2025-06-06 13:10:47 [WATCHDOG] Issues detected – see alerts above
2025-06-06 13:12:01 [WATCHDOG] ---- watchdog run ----
2025-06-06 13:12:47 [WATCHDOG] ALERT: Analytics API status endpoint is DOWN (fails=174)
2025-06-06 13:12:47 [WATCHDOG] Futures Bot healthy
2025-06-06 13:12:47 [WATCHDOG] Issues detected – see alerts above
2025-06-06 13:14:01 [WATCHDOG] ---- watchdog run ----
2025-06-06 13:14:48 [WATCHDOG] ALERT: Analytics API status endpoint is DOWN (fails=175)
2025-06-06 13:14:48 [WATCHDOG] Futures Bot healthy
2025-06-06 13:14:48 [WATCHDOG] Issues detected – see alerts above
2025-06-06 13:16:01 [WATCHDOG] ---- watchdog run ----
2025-06-06 13:16:47 [WATCHDOG] ALERT: Analytics API status endpoint is DOWN (fails=176)
2025-06-06 13:16:47 [WATCHDOG] Futures Bot healthy
2025-06-06 13:16:47 [WATCHDOG] Issues detected – see alerts above
2025-06-06 13:18:01 [WATCHDOG] ---- watchdog run ----
2025-06-06 13:18:47 [WATCHDOG] ALERT: Analytics API status endpoint is DOWN (fails=177)
2025-06-06 13:18:47 [WATCHDOG] Futures Bot healthy
2025-06-06 13:18:47 [WATCHDOG] Issues detected – see alerts above
2025-06-06 13:20:01 [WATCHDOG] ---- watchdog run ----
2025-06-06 13:20:47 [WATCHDOG] ALERT: Analytics API status endpoint is DOWN (fails=178)
2025-06-06 13:20:47 [WATCHDOG] Futures Bot healthy
2025-06-06 13:20:47 [WATCHDOG] Issues detected – see alerts above
2025-06-06 13:22:01 [WATCHDOG] ---- watchdog run ----
2025-06-06 13:22:47 [WATCHDOG] ALERT: Analytics API status endpoint is DOWN (fails=179)
2025-06-06 13:22:47 [WATCHDOG] Futures Bot healthy
2025-06-06 13:22:47 [WATCHDOG] Issues detected – see alerts above
2025-06-06 13:24:01 [WATCHDOG] ---- watchdog run ----
2025-06-06 13:24:47 [WATCHDOG] ALERT: Analytics API status endpoint is DOWN (fails=180)
2025-06-06 13:24:47 [WATCHDOG] Futures Bot healthy
2025-06-06 13:24:47 [WATCHDOG] Issues detected – see alerts above
2025-06-06 13:26:01 [WATCHDOG] ---- watchdog run ----
2025-06-06 13:26:47 [WATCHDOG] ALERT: Analytics API status endpoint is DOWN (fails=181)
2025-06-06 13:26:47 [WATCHDOG] Futures Bot healthy
2025-06-06 13:26:47 [WATCHDOG] Issues detected – see alerts above
2025-06-06 13:28:02 [WATCHDOG] ---- watchdog run ----
2025-06-06 13:28:48 [WATCHDOG] ALERT: Analytics API status endpoint is DOWN (fails=182)
2025-06-06 13:28:48 [WATCHDOG] Futures Bot healthy
2025-06-06 13:28:48 [WATCHDOG] Issues detected – see alerts above
2025-06-06 13:30:01 [WATCHDOG] ---- watchdog run ----
2025-06-06 13:30:47 [WATCHDOG] ALERT: Analytics API status endpoint is DOWN (fails=183)
2025-06-06 13:30:47 [WATCHDOG] Futures Bot healthy
2025-06-06 13:30:47 [WATCHDOG] Issues detected – see alerts above
2025-06-06 13:32:01 [WATCHDOG] ---- watchdog run ----
2025-06-06 13:32:46 [WATCHDOG] ALERT: Analytics API recovered
2025-06-06 13:32:46 [WATCHDOG] Analytics API healthy – signals age: 1 min
2025-06-06 13:32:46 [WATCHDOG] Futures Bot healthy
2025-06-06 13:32:46 [WATCHDOG] All systems operational
2025-06-06 13:34:01 [WATCHDOG] ---- watchdog run ----
2025-06-06 13:34:47 [WATCHDOG] status endpoint failure (1/3) – no alert yet
2025-06-06 13:34:47 [WATCHDOG] Futures Bot healthy
2025-06-06 13:34:47 [WATCHDOG] Issues detected – see alerts above
2025-06-06 13:36:01 [WATCHDOG] ---- watchdog run ----
2025-06-06 13:36:47 [WATCHDOG] status endpoint failure (2/3) – no alert yet
2025-06-06 13:36:47 [WATCHDOG] Futures Bot healthy
2025-06-06 13:36:47 [WATCHDOG] Issues detected – see alerts above
2025-06-06 13:38:01 [WATCHDOG] ---- watchdog run ----
2025-06-06 13:38:47 [WATCHDOG] ALERT: Analytics API status endpoint is DOWN (fails=3)
2025-06-06 13:38:47 [WATCHDOG] Futures Bot healthy
2025-06-06 13:38:47 [WATCHDOG] Issues detected – see alerts above
2025-06-06 13:40:01 [WATCHDOG] ---- watchdog run ----
2025-06-06 13:40:47 [WATCHDOG] ALERT: Analytics API status endpoint is DOWN (fails=4)
2025-06-06 13:40:47 [WATCHDOG] Futures Bot healthy
2025-06-06 13:40:47 [WATCHDOG] Issues detected – see alerts above
2025-06-06 13:42:01 [WATCHDOG] ---- watchdog run ----
2025-06-06 13:42:47 [WATCHDOG] ALERT: Analytics API status endpoint is DOWN (fails=5)
2025-06-06 13:42:47 [WATCHDOG] Futures Bot healthy
2025-06-06 13:42:47 [WATCHDOG] Issues detected – see alerts above
2025-06-06 13:44:01 [WATCHDOG] ---- watchdog run ----
2025-06-06 13:44:48 [WATCHDOG] ALERT: Analytics API status endpoint is DOWN (fails=6)
2025-06-06 13:44:48 [WATCHDOG] Futures Bot healthy
2025-06-06 13:44:48 [WATCHDOG] Issues detected – see alerts above
2025-06-06 13:46:01 [WATCHDOG] ---- watchdog run ----
2025-06-06 13:46:18 [WATCHDOG] ALERT: Analytics API status endpoint is DOWN (fails=7)
2025-06-06 13:46:18 [WATCHDOG] Futures Bot healthy
2025-06-06 13:46:18 [WATCHDOG] Issues detected – see alerts above
2025-06-06 13:48:01 [WATCHDOG] ---- watchdog run ----
2025-06-06 13:48:47 [WATCHDOG] ALERT: Analytics API status endpoint is DOWN (fails=8)
2025-06-06 13:48:47 [WATCHDOG] Futures Bot healthy
2025-06-06 13:48:47 [WATCHDOG] Issues detected – see alerts above
2025-06-06 13:50:01 [WATCHDOG] ---- watchdog run ----
2025-06-06 13:50:42 [WATCHDOG] ALERT: Analytics API status endpoint is DOWN (fails=9)
2025-06-06 13:50:42 [WATCHDOG] Futures Bot healthy
2025-06-06 13:50:42 [WATCHDOG] Issues detected – see alerts above
2025-06-06 13:52:01 [WATCHDOG] ---- watchdog run ----
2025-06-06 13:52:47 [WATCHDOG] ALERT: Analytics API status endpoint is DOWN (fails=10)
2025-06-06 13:52:47 [WATCHDOG] Futures Bot healthy
2025-06-06 13:52:48 [WATCHDOG] Issues detected – see alerts above
2025-06-06 13:54:01 [WATCHDOG] ---- watchdog run ----
2025-06-06 13:54:47 [WATCHDOG] ALERT: Analytics API status endpoint is DOWN (fails=11)
2025-06-06 13:54:47 [WATCHDOG] Futures Bot healthy
2025-06-06 13:54:47 [WATCHDOG] Issues detected – see alerts above
2025-06-06 13:56:01 [WATCHDOG] ---- watchdog run ----
2025-06-06 13:56:47 [WATCHDOG] ALERT: Analytics API status endpoint is DOWN (fails=12)
2025-06-06 13:56:47 [WATCHDOG] Futures Bot healthy
2025-06-06 13:56:47 [WATCHDOG] Issues detected – see alerts above
2025-06-06 13:58:01 [WATCHDOG] ---- watchdog run ----
2025-06-06 13:58:47 [WATCHDOG] ALERT: Analytics API status endpoint is DOWN (fails=13)
2025-06-06 13:58:47 [WATCHDOG] Futures Bot healthy
2025-06-06 13:58:47 [WATCHDOG] Issues detected – see alerts above
2025-06-06 14:00:01 [WATCHDOG] ---- watchdog run ----
2025-06-06 14:00:32 [WATCHDOG] ALERT: Analytics API status endpoint is DOWN (fails=14)
2025-06-06 14:00:32 [WATCHDOG] Futures Bot healthy
2025-06-06 14:00:32 [WATCHDOG] Issues detected – see alerts above
2025-06-06 14:02:01 [WATCHDOG] ---- watchdog run ----
2025-06-06 14:02:01 [WATCHDOG] ALERT: Analytics API status endpoint is DOWN (fails=15)
2025-06-06 14:02:01 [WATCHDOG] Futures Bot healthy
2025-06-06 14:02:01 [WATCHDOG] Issues detected – see alerts above
2025-06-06 14:04:01 [WATCHDOG] ---- watchdog run ----
2025-06-06 14:04:01 [WATCHDOG] ALERT: Analytics API status endpoint is DOWN (fails=16)
2025-06-06 14:04:01 [WATCHDOG] Futures Bot healthy
2025-06-06 14:04:01 [WATCHDOG] Issues detected – see alerts above
2025-06-06 14:06:01 [WATCHDOG] ---- watchdog run ----
2025-06-06 14:06:01 [WATCHDOG] ALERT: Analytics API status endpoint is DOWN (fails=17)
2025-06-06 14:06:01 [WATCHDOG] Futures Bot healthy
2025-06-06 14:06:01 [WATCHDOG] Issues detected – see alerts above
2025-06-06 14:08:01 [WATCHDOG] ---- watchdog run ----
2025-06-06 14:08:01 [WATCHDOG] ALERT: Analytics API status endpoint is DOWN (fails=18)
2025-06-06 14:08:01 [WATCHDOG] Futures Bot healthy
2025-06-06 14:08:01 [WATCHDOG] Issues detected – see alerts above
2025-06-06 14:10:01 [WATCHDOG] ---- watchdog run ----
2025-06-06 14:10:01 [WATCHDOG] ALERT: Analytics API status endpoint is DOWN (fails=19)
2025-06-06 14:10:01 [WATCHDOG] Futures Bot healthy
2025-06-06 14:10:01 [WATCHDOG] Issues detected – see alerts above
2025-06-06 14:12:01 [WATCHDOG] ---- watchdog run ----
2025-06-06 14:12:01 [WATCHDOG] ALERT: Analytics API status endpoint is DOWN (fails=20)
2025-06-06 14:12:01 [WATCHDOG] Futures Bot healthy
2025-06-06 14:12:01 [WATCHDOG] Issues detected – see alerts above
2025-06-06 14:14:01 [WATCHDOG] ---- watchdog run ----
2025-06-06 14:14:01 [WATCHDOG] ALERT: Analytics API status endpoint is DOWN (fails=21)
2025-06-06 14:14:01 [WATCHDOG] Futures Bot healthy
2025-06-06 14:14:01 [WATCHDOG] Issues detected – see alerts above
2025-06-06 14:16:01 [WATCHDOG] ---- watchdog run ----
2025-06-06 14:16:01 [WATCHDOG] ALERT: Analytics API status endpoint is DOWN (fails=22)
2025-06-06 14:16:01 [WATCHDOG] Futures Bot healthy
2025-06-06 14:16:01 [WATCHDOG] Issues detected – see alerts above
2025-06-06 14:18:01 [WATCHDOG] ---- watchdog run ----
2025-06-06 14:18:01 [WATCHDOG] ALERT: Analytics API status endpoint is DOWN (fails=23)
2025-06-06 14:18:01 [WATCHDOG] Futures Bot healthy
2025-06-06 14:18:01 [WATCHDOG] Issues detected – see alerts above
2025-06-06 14:20:01 [WATCHDOG] ---- watchdog run ----
2025-06-06 14:20:01 [WATCHDOG] ALERT: Analytics API status endpoint is DOWN (fails=24)
2025-06-06 14:20:01 [WATCHDOG] Futures Bot healthy
2025-06-06 14:20:01 [WATCHDOG] Issues detected – see alerts above
2025-06-06 14:22:01 [WATCHDOG] ---- watchdog run ----
2025-06-06 14:22:47 [WATCHDOG] ALERT: Analytics API status endpoint is DOWN (fails=25)
2025-06-06 14:22:47 [WATCHDOG] Futures Bot healthy
2025-06-06 14:22:47 [WATCHDOG] Issues detected – see alerts above
2025-06-06 14:24:01 [WATCHDOG] ---- watchdog run ----
2025-06-06 14:24:48 [WATCHDOG] ALERT: Analytics API status endpoint is DOWN (fails=26)
2025-06-06 14:24:48 [WATCHDOG] Futures Bot healthy
2025-06-06 14:24:48 [WATCHDOG] Issues detected – see alerts above
2025-06-06 14:26:01 [WATCHDOG] ---- watchdog run ----
2025-06-06 14:26:47 [WATCHDOG] ALERT: Analytics API status endpoint is DOWN (fails=27)
2025-06-06 14:26:47 [WATCHDOG] Futures Bot healthy
2025-06-06 14:26:47 [WATCHDOG] Issues detected – see alerts above
2025-06-06 14:28:01 [WATCHDOG] ---- watchdog run ----
2025-06-06 14:28:47 [WATCHDOG] ALERT: Analytics API status endpoint is DOWN (fails=28)
2025-06-06 14:28:48 [WATCHDOG] Futures Bot healthy
2025-06-06 14:28:48 [WATCHDOG] Issues detected – see alerts above
2025-06-06 14:30:01 [WATCHDOG] ---- watchdog run ----
2025-06-06 14:30:47 [WATCHDOG] ALERT: Analytics API status endpoint is DOWN (fails=29)
2025-06-06 14:30:47 [WATCHDOG] Futures Bot healthy
2025-06-06 14:30:47 [WATCHDOG] Issues detected – see alerts above
2025-06-06 14:32:01 [WATCHDOG] ---- watchdog run ----
2025-06-06 14:32:47 [WATCHDOG] ALERT: Analytics API status endpoint is DOWN (fails=30)
2025-06-06 14:32:47 [WATCHDOG] Futures Bot healthy
2025-06-06 14:32:47 [WATCHDOG] Issues detected – see alerts above
2025-06-06 14:34:01 [WATCHDOG] ---- watchdog run ----
2025-06-06 14:34:47 [WATCHDOG] ALERT: Analytics API status endpoint is DOWN (fails=31)
2025-06-06 14:34:47 [WATCHDOG] Futures Bot healthy
2025-06-06 14:34:47 [WATCHDOG] Issues detected – see alerts above
2025-06-06 14:36:01 [WATCHDOG] ---- watchdog run ----
2025-06-06 14:36:48 [WATCHDOG] ALERT: Analytics API status endpoint is DOWN (fails=32)
2025-06-06 14:36:48 [WATCHDOG] Futures Bot healthy
2025-06-06 14:36:48 [WATCHDOG] Issues detected – see alerts above
2025-06-06 14:38:01 [WATCHDOG] ---- watchdog run ----
2025-06-06 14:38:47 [WATCHDOG] ALERT: Analytics API status endpoint is DOWN (fails=33)
2025-06-06 14:38:47 [WATCHDOG] Futures Bot healthy
2025-06-06 14:38:47 [WATCHDOG] Issues detected – see alerts above
2025-06-06 14:40:01 [WATCHDOG] ---- watchdog run ----
2025-06-06 14:40:47 [WATCHDOG] ALERT: Analytics API status endpoint is DOWN (fails=34)
2025-06-06 14:40:48 [WATCHDOG] Futures Bot healthy
2025-06-06 14:40:48 [WATCHDOG] Issues detected – see alerts above
2025-06-06 14:42:01 [WATCHDOG] ---- watchdog run ----
2025-06-06 14:42:47 [WATCHDOG] ALERT: Analytics API status endpoint is DOWN (fails=35)
2025-06-06 14:42:47 [WATCHDOG] Futures Bot healthy
2025-06-06 14:42:47 [WATCHDOG] Issues detected – see alerts above
2025-06-06 14:44:01 [WATCHDOG] ---- watchdog run ----
2025-06-06 14:44:47 [WATCHDOG] ALERT: Analytics API status endpoint is DOWN (fails=36)
2025-06-06 14:44:47 [WATCHDOG] Futures Bot healthy
2025-06-06 14:44:47 [WATCHDOG] Issues detected – see alerts above
2025-06-06 14:46:01 [WATCHDOG] ---- watchdog run ----
2025-06-06 14:46:47 [WATCHDOG] ALERT: Analytics API status endpoint is DOWN (fails=37)
2025-06-06 14:46:47 [WATCHDOG] Futures Bot healthy
2025-06-06 14:46:47 [WATCHDOG] Issues detected – see alerts above
2025-06-06 14:48:01 [WATCHDOG] ---- watchdog run ----
2025-06-06 14:48:47 [WATCHDOG] ALERT: Analytics API status endpoint is DOWN (fails=38)
2025-06-06 14:48:48 [WATCHDOG] Futures Bot healthy
2025-06-06 14:48:48 [WATCHDOG] Issues detected – see alerts above
2025-06-06 14:50:01 [WATCHDOG] ---- watchdog run ----
2025-06-06 14:50:47 [WATCHDOG] ALERT: Analytics API status endpoint is DOWN (fails=39)
2025-06-06 14:50:47 [WATCHDOG] Futures Bot healthy
2025-06-06 14:50:47 [WATCHDOG] Issues detected – see alerts above
2025-06-06 14:52:01 [WATCHDOG] ---- watchdog run ----
2025-06-06 14:52:47 [WATCHDOG] ALERT: Analytics API status endpoint is DOWN (fails=40)
2025-06-06 14:52:47 [WATCHDOG] Futures Bot healthy
2025-06-06 14:52:47 [WATCHDOG] Issues detected – see alerts above
2025-06-06 14:54:01 [WATCHDOG] ---- watchdog run ----
2025-06-06 14:54:47 [WATCHDOG] ALERT: Analytics API status endpoint is DOWN (fails=41)
2025-06-06 14:54:47 [WATCHDOG] Futures Bot healthy
2025-06-06 14:54:47 [WATCHDOG] Issues detected – see alerts above
2025-06-06 14:56:01 [WATCHDOG] ---- watchdog run ----
2025-06-06 14:56:47 [WATCHDOG] ALERT: Analytics API status endpoint is DOWN (fails=42)
2025-06-06 14:56:47 [WATCHDOG] Futures Bot healthy
2025-06-06 14:56:47 [WATCHDOG] Issues detected – see alerts above
2025-06-06 14:58:01 [WATCHDOG] ---- watchdog run ----
2025-06-06 14:58:47 [WATCHDOG] ALERT: Analytics API status endpoint is DOWN (fails=43)
2025-06-06 14:58:47 [WATCHDOG] Futures Bot healthy
2025-06-06 14:58:47 [WATCHDOG] Issues detected – see alerts above
2025-06-06 15:00:01 [WATCHDOG] ---- watchdog run ----
2025-06-06 15:00:47 [WATCHDOG] ALERT: Analytics API status endpoint is DOWN (fails=44)
2025-06-06 15:00:47 [WATCHDOG] Futures Bot healthy
2025-06-06 15:00:47 [WATCHDOG] Issues detected – see alerts above
2025-06-06 15:02:01 [WATCHDOG] ---- watchdog run ----
2025-06-06 15:02:47 [WATCHDOG] ALERT: Analytics API status endpoint is DOWN (fails=45)
2025-06-06 15:02:47 [WATCHDOG] Futures Bot healthy
2025-06-06 15:02:47 [WATCHDOG] Issues detected – see alerts above
2025-06-06 15:04:01 [WATCHDOG] ---- watchdog run ----
2025-06-06 15:04:47 [WATCHDOG] ALERT: Analytics API status endpoint is DOWN (fails=46)
2025-06-06 15:04:47 [WATCHDOG] Futures Bot healthy
2025-06-06 15:04:47 [WATCHDOG] Issues detected – see alerts above
2025-06-06 15:06:01 [WATCHDOG] ---- watchdog run ----
2025-06-06 15:06:47 [WATCHDOG] ALERT: Analytics API status endpoint is DOWN (fails=47)
2025-06-06 15:06:47 [WATCHDOG] Futures Bot healthy
2025-06-06 15:06:47 [WATCHDOG] Issues detected – see alerts above
2025-06-06 15:08:01 [WATCHDOG] ---- watchdog run ----
2025-06-06 15:08:47 [WATCHDOG] ALERT: Analytics API status endpoint is DOWN (fails=48)
2025-06-06 15:08:47 [WATCHDOG] Futures Bot healthy
2025-06-06 15:08:47 [WATCHDOG] Issues detected – see alerts above
2025-06-06 15:10:01 [WATCHDOG] ---- watchdog run ----
2025-06-06 15:10:47 [WATCHDOG] ALERT: Analytics API status endpoint is DOWN (fails=49)
2025-06-06 15:10:47 [WATCHDOG] Futures Bot healthy
2025-06-06 15:10:47 [WATCHDOG] Issues detected – see alerts above
2025-06-06 15:12:01 [WATCHDOG] ---- watchdog run ----
2025-06-06 15:12:47 [WATCHDOG] ALERT: Analytics API status endpoint is DOWN (fails=50)
2025-06-06 15:12:47 [WATCHDOG] Futures Bot healthy
2025-06-06 15:12:47 [WATCHDOG] Issues detected – see alerts above
2025-06-06 15:14:01 [WATCHDOG] ---- watchdog run ----
2025-06-06 15:14:47 [WATCHDOG] ALERT: Analytics API status endpoint is DOWN (fails=51)
2025-06-06 15:14:47 [WATCHDOG] Futures Bot healthy
2025-06-06 15:14:47 [WATCHDOG] Issues detected – see alerts above
2025-06-06 15:16:01 [WATCHDOG] ---- watchdog run ----
2025-06-06 15:16:47 [WATCHDOG] ALERT: Analytics API status endpoint is DOWN (fails=52)
2025-06-06 15:16:47 [WATCHDOG] Futures Bot healthy
2025-06-06 15:16:47 [WATCHDOG] Issues detected – see alerts above
2025-06-06 15:18:01 [WATCHDOG] ---- watchdog run ----
2025-06-06 15:18:47 [WATCHDOG] ALERT: Analytics API status endpoint is DOWN (fails=53)
2025-06-06 15:18:47 [WATCHDOG] Futures Bot healthy
2025-06-06 15:18:47 [WATCHDOG] Issues detected – see alerts above
2025-06-06 15:20:01 [WATCHDOG] ---- watchdog run ----
2025-06-06 15:20:47 [WATCHDOG] ALERT: Analytics API status endpoint is DOWN (fails=54)
2025-06-06 15:20:47 [WATCHDOG] Futures Bot healthy
2025-06-06 15:20:47 [WATCHDOG] Issues detected – see alerts above
2025-06-06 15:22:01 [WATCHDOG] ---- watchdog run ----
2025-06-06 15:22:47 [WATCHDOG] ALERT: Analytics API status endpoint is DOWN (fails=55)
2025-06-06 15:22:47 [WATCHDOG] Futures Bot healthy
2025-06-06 15:22:47 [WATCHDOG] Issues detected – see alerts above
2025-06-06 15:24:01 [WATCHDOG] ---- watchdog run ----
2025-06-06 15:24:47 [WATCHDOG] ALERT: Analytics API status endpoint is DOWN (fails=56)
2025-06-06 15:24:47 [WATCHDOG] Futures Bot healthy
2025-06-06 15:24:47 [WATCHDOG] Issues detected – see alerts above
2025-06-06 15:26:01 [WATCHDOG] ---- watchdog run ----
2025-06-06 15:26:47 [WATCHDOG] ALERT: Analytics API status endpoint is DOWN (fails=57)
2025-06-06 15:26:47 [WATCHDOG] Futures Bot healthy
2025-06-06 15:26:47 [WATCHDOG] Issues detected – see alerts above
2025-06-06 15:28:01 [WATCHDOG] ---- watchdog run ----
2025-06-06 15:28:48 [WATCHDOG] ALERT: Analytics API status endpoint is DOWN (fails=58)
2025-06-06 15:28:48 [WATCHDOG] Futures Bot healthy
2025-06-06 15:28:48 [WATCHDOG] Issues detected – see alerts above
2025-06-06 15:30:01 [WATCHDOG] ---- watchdog run ----
2025-06-06 15:30:47 [WATCHDOG] ALERT: Analytics API status endpoint is DOWN (fails=59)
2025-06-06 15:30:47 [WATCHDOG] Futures Bot healthy
2025-06-06 15:30:47 [WATCHDOG] Issues detected – see alerts above
2025-06-06 15:32:01 [WATCHDOG] ---- watchdog run ----
2025-06-06 15:32:47 [WATCHDOG] ALERT: Analytics API status endpoint is DOWN (fails=60)
2025-06-06 15:32:47 [WATCHDOG] Futures Bot healthy
2025-06-06 15:32:47 [WATCHDOG] Issues detected – see alerts above
2025-06-06 15:34:01 [WATCHDOG] ---- watchdog run ----
2025-06-06 15:34:47 [WATCHDOG] ALERT: Analytics API status endpoint is DOWN (fails=61)
2025-06-06 15:34:47 [WATCHDOG] Futures Bot healthy
2025-06-06 15:34:47 [WATCHDOG] Issues detected – see alerts above
2025-06-06 15:36:01 [WATCHDOG] ---- watchdog run ----
2025-06-06 15:36:47 [WATCHDOG] ALERT: Analytics API status endpoint is DOWN (fails=62)
2025-06-06 15:36:48 [WATCHDOG] Futures Bot healthy
2025-06-06 15:36:48 [WATCHDOG] Issues detected – see alerts above
2025-06-06 15:38:01 [WATCHDOG] ---- watchdog run ----
2025-06-06 15:38:47 [WATCHDOG] ALERT: Analytics API status endpoint is DOWN (fails=63)
2025-06-06 15:38:47 [WATCHDOG] Futures Bot healthy
2025-06-06 15:38:47 [WATCHDOG] Issues detected – see alerts above
2025-06-06 15:40:01 [WATCHDOG] ---- watchdog run ----
2025-06-06 15:40:47 [WATCHDOG] ALERT: Analytics API status endpoint is DOWN (fails=64)
2025-06-06 15:40:47 [WATCHDOG] Futures Bot healthy
2025-06-06 15:40:47 [WATCHDOG] Issues detected – see alerts above
2025-06-06 15:42:01 [WATCHDOG] ---- watchdog run ----
2025-06-06 15:42:47 [WATCHDOG] ALERT: Analytics API status endpoint is DOWN (fails=65)
2025-06-06 15:42:47 [WATCHDOG] Futures Bot healthy
2025-06-06 15:42:47 [WATCHDOG] Issues detected – see alerts above
2025-06-06 15:44:01 [WATCHDOG] ---- watchdog run ----
2025-06-06 15:44:11 [WATCHDOG] ALERT: Analytics API recovered
2025-06-06 15:44:11 [WATCHDOG] Analytics API healthy – signals age: 1 min
2025-06-06 15:44:11 [WATCHDOG] Futures Bot healthy
2025-06-06 15:44:11 [WATCHDOG] All systems operational
2025-06-06 15:46:01 [WATCHDOG] ---- watchdog run ----
2025-06-06 15:46:47 [WATCHDOG] status endpoint failure (1/3) – no alert yet
2025-06-06 15:46:47 [WATCHDOG] Futures Bot healthy
2025-06-06 15:46:47 [WATCHDOG] Issues detected – see alerts above
2025-06-06 15:48:01 [WATCHDOG] ---- watchdog run ----
2025-06-06 15:48:47 [WATCHDOG] status endpoint failure (2/3) – no alert yet
2025-06-06 15:48:47 [WATCHDOG] Futures Bot healthy
2025-06-06 15:48:47 [WATCHDOG] Issues detected – see alerts above
2025-06-06 15:50:01 [WATCHDOG] ---- watchdog run ----
2025-06-06 15:50:47 [WATCHDOG] ALERT: Analytics API status endpoint is DOWN (fails=3)
2025-06-06 15:50:47 [WATCHDOG] Futures Bot healthy
2025-06-06 15:50:47 [WATCHDOG] Issues detected – see alerts above
2025-06-06 15:52:01 [WATCHDOG] ---- watchdog run ----
2025-06-06 15:52:47 [WATCHDOG] ALERT: Analytics API status endpoint is DOWN (fails=4)
2025-06-06 15:52:47 [WATCHDOG] Futures Bot healthy
2025-06-06 15:52:47 [WATCHDOG] Issues detected – see alerts above
2025-06-06 15:54:01 [WATCHDOG] ---- watchdog run ----
2025-06-06 15:54:47 [WATCHDOG] ALERT: Analytics API status endpoint is DOWN (fails=5)
2025-06-06 15:54:47 [WATCHDOG] Futures Bot healthy
2025-06-06 15:54:47 [WATCHDOG] Issues detected – see alerts above
2025-06-06 15:56:01 [WATCHDOG] ---- watchdog run ----
2025-06-06 15:56:47 [WATCHDOG] ALERT: Analytics API recovered
2025-06-06 15:56:48 [WATCHDOG] Analytics API healthy – signals age: 2 min
2025-06-06 15:56:48 [WATCHDOG] Futures Bot healthy
2025-06-06 15:56:48 [WATCHDOG] All systems operational
2025-06-06 15:58:01 [WATCHDOG] ---- watchdog run ----
2025-06-06 15:58:47 [WATCHDOG] status endpoint failure (1/3) – no alert yet
2025-06-06 15:58:47 [WATCHDOG] Futures Bot healthy
2025-06-06 15:58:47 [WATCHDOG] Issues detected – see alerts above
2025-06-06 16:00:01 [WATCHDOG] ---- watchdog run ----
2025-06-06 16:00:47 [WATCHDOG] status endpoint failure (2/3) – no alert yet
2025-06-06 16:00:47 [WATCHDOG] Futures Bot healthy
2025-06-06 16:00:47 [WATCHDOG] Issues detected – see alerts above
2025-06-06 16:02:01 [WATCHDOG] ---- watchdog run ----
2025-06-06 16:02:47 [WATCHDOG] ALERT: Analytics API status endpoint is DOWN (fails=3)
2025-06-06 16:02:47 [WATCHDOG] Futures Bot healthy
2025-06-06 16:02:47 [WATCHDOG] Issues detected – see alerts above
2025-06-06 16:04:01 [WATCHDOG] ---- watchdog run ----
2025-06-06 16:04:47 [WATCHDOG] ALERT: Analytics API status endpoint is DOWN (fails=4)
2025-06-06 16:04:47 [WATCHDOG] Futures Bot healthy
2025-06-06 16:04:48 [WATCHDOG] Issues detected – see alerts above
2025-06-06 16:06:01 [WATCHDOG] ---- watchdog run ----
2025-06-06 16:06:47 [WATCHDOG] ALERT: Analytics API status endpoint is DOWN (fails=5)
2025-06-06 16:06:47 [WATCHDOG] Futures Bot healthy
2025-06-06 16:06:47 [WATCHDOG] Issues detected – see alerts above
2025-06-06 16:08:01 [WATCHDOG] ---- watchdog run ----
2025-06-06 16:08:47 [WATCHDOG] ALERT: Analytics API status endpoint is DOWN (fails=6)
2025-06-06 16:08:47 [WATCHDOG] Futures Bot healthy
2025-06-06 16:08:47 [WATCHDOG] Issues detected – see alerts above
2025-06-06 16:10:01 [WATCHDOG] ---- watchdog run ----
2025-06-06 16:10:47 [WATCHDOG] ALERT: Analytics API status endpoint is DOWN (fails=7)
2025-06-06 16:10:48 [WATCHDOG] Futures Bot healthy
2025-06-06 16:10:48 [WATCHDOG] Issues detected – see alerts above
2025-06-06 16:12:01 [WATCHDOG] ---- watchdog run ----
2025-06-06 16:12:47 [WATCHDOG] ALERT: Analytics API status endpoint is DOWN (fails=8)
2025-06-06 16:12:47 [WATCHDOG] Futures Bot healthy
2025-06-06 16:12:47 [WATCHDOG] Issues detected – see alerts above
2025-06-06 16:14:01 [WATCHDOG] ---- watchdog run ----
2025-06-06 16:14:47 [WATCHDOG] ALERT: Analytics API status endpoint is DOWN (fails=9)
2025-06-06 16:14:47 [WATCHDOG] Futures Bot healthy
2025-06-06 16:14:47 [WATCHDOG] Issues detected – see alerts above
2025-06-06 16:16:01 [WATCHDOG] ---- watchdog run ----
2025-06-06 16:16:47 [WATCHDOG] ALERT: Analytics API status endpoint is DOWN (fails=10)
2025-06-06 16:16:48 [WATCHDOG] Futures Bot healthy
2025-06-06 16:16:48 [WATCHDOG] Issues detected – see alerts above
2025-06-06 16:18:01 [WATCHDOG] ---- watchdog run ----
2025-06-06 16:18:47 [WATCHDOG] ALERT: Analytics API status endpoint is DOWN (fails=11)
2025-06-06 16:18:47 [WATCHDOG] Futures Bot healthy
2025-06-06 16:18:47 [WATCHDOG] Issues detected – see alerts above
2025-06-06 16:20:01 [WATCHDOG] ---- watchdog run ----
2025-06-06 16:20:47 [WATCHDOG] ALERT: Analytics API status endpoint is DOWN (fails=12)
2025-06-06 16:20:47 [WATCHDOG] Futures Bot healthy
2025-06-06 16:20:47 [WATCHDOG] Issues detected – see alerts above
2025-06-06 16:22:01 [WATCHDOG] ---- watchdog run ----
2025-06-06 16:22:47 [WATCHDOG] ALERT: Analytics API status endpoint is DOWN (fails=13)
2025-06-06 16:22:47 [WATCHDOG] Futures Bot healthy
2025-06-06 16:22:47 [WATCHDOG] Issues detected – see alerts above
2025-06-06 16:24:01 [WATCHDOG] ---- watchdog run ----
2025-06-06 16:24:47 [WATCHDOG] ALERT: Analytics API status endpoint is DOWN (fails=14)
2025-06-06 16:24:47 [WATCHDOG] Futures Bot healthy
2025-06-06 16:24:47 [WATCHDOG] Issues detected – see alerts above
2025-06-06 16:26:01 [WATCHDOG] ---- watchdog run ----
2025-06-06 16:26:47 [WATCHDOG] ALERT: Analytics API status endpoint is DOWN (fails=15)
2025-06-06 16:26:48 [WATCHDOG] Futures Bot healthy
2025-06-06 16:26:48 [WATCHDOG] Issues detected – see alerts above
2025-06-06 16:28:01 [WATCHDOG] ---- watchdog run ----
2025-06-06 16:28:47 [WATCHDOG] ALERT: Analytics API status endpoint is DOWN (fails=16)
2025-06-06 16:28:47 [WATCHDOG] Futures Bot healthy
2025-06-06 16:28:47 [WATCHDOG] Issues detected – see alerts above
2025-06-06 16:30:01 [WATCHDOG] ---- watchdog run ----
2025-06-06 16:30:47 [WATCHDOG] ALERT: Analytics API status endpoint is DOWN (fails=17)
2025-06-06 16:30:47 [WATCHDOG] Futures Bot healthy
2025-06-06 16:30:47 [WATCHDOG] Issues detected – see alerts above
2025-06-06 16:32:01 [WATCHDOG] ---- watchdog run ----
2025-06-06 16:32:47 [WATCHDOG] ALERT: Analytics API status endpoint is DOWN (fails=18)
2025-06-06 16:32:48 [WATCHDOG] Futures Bot healthy
2025-06-06 16:32:48 [WATCHDOG] Issues detected – see alerts above
2025-06-06 16:34:01 [WATCHDOG] ---- watchdog run ----
2025-06-06 16:34:47 [WATCHDOG] ALERT: Analytics API status endpoint is DOWN (fails=19)
2025-06-06 16:34:47 [WATCHDOG] Futures Bot healthy
2025-06-06 16:34:47 [WATCHDOG] Issues detected – see alerts above
2025-06-06 16:36:01 [WATCHDOG] ---- watchdog run ----
2025-06-06 16:36:47 [WATCHDOG] ALERT: Analytics API status endpoint is DOWN (fails=20)
2025-06-06 16:36:47 [WATCHDOG] Futures Bot healthy
2025-06-06 16:36:47 [WATCHDOG] Issues detected – see alerts above
2025-06-06 16:38:01 [WATCHDOG] ---- watchdog run ----
2025-06-06 16:38:47 [WATCHDOG] ALERT: Analytics API status endpoint is DOWN (fails=21)
2025-06-06 16:38:47 [WATCHDOG] Futures Bot healthy
2025-06-06 16:38:47 [WATCHDOG] Issues detected – see alerts above
2025-06-06 16:40:01 [WATCHDOG] ---- watchdog run ----
2025-06-06 16:40:47 [WATCHDOG] ALERT: Analytics API status endpoint is DOWN (fails=22)
2025-06-06 16:40:47 [WATCHDOG] Futures Bot healthy
2025-06-06 16:40:47 [WATCHDOG] Issues detected – see alerts above
2025-06-06 16:42:01 [WATCHDOG] ---- watchdog run ----
2025-06-06 16:42:47 [WATCHDOG] ALERT: Analytics API recovered
2025-06-06 16:42:47 [WATCHDOG] Analytics API healthy – signals age: 0 min
2025-06-06 16:42:47 [WATCHDOG] Futures Bot healthy
2025-06-06 16:42:47 [WATCHDOG] All systems operational
2025-06-06 16:44:01 [WATCHDOG] ---- watchdog run ----
2025-06-06 16:44:47 [WATCHDOG] status endpoint failure (1/3) – no alert yet
2025-06-06 16:44:47 [WATCHDOG] Futures Bot healthy
2025-06-06 16:44:47 [WATCHDOG] Issues detected – see alerts above
2025-06-06 16:46:01 [WATCHDOG] ---- watchdog run ----
2025-06-06 16:46:47 [WATCHDOG] status endpoint failure (2/3) – no alert yet
2025-06-06 16:46:48 [WATCHDOG] Futures Bot healthy
2025-06-06 16:46:48 [WATCHDOG] Issues detected – see alerts above
2025-06-06 16:48:01 [WATCHDOG] ---- watchdog run ----
2025-06-06 16:48:47 [WATCHDOG] ALERT: Analytics API status endpoint is DOWN (fails=3)
2025-06-06 16:48:47 [WATCHDOG] Futures Bot healthy
2025-06-06 16:48:47 [WATCHDOG] Issues detected – see alerts above
2025-06-06 16:50:01 [WATCHDOG] ---- watchdog run ----
2025-06-06 16:50:47 [WATCHDOG] ALERT: Analytics API status endpoint is DOWN (fails=4)
2025-06-06 16:50:47 [WATCHDOG] Futures Bot healthy
2025-06-06 16:50:47 [WATCHDOG] Issues detected – see alerts above
2025-06-06 16:52:01 [WATCHDOG] ---- watchdog run ----
2025-06-06 16:52:47 [WATCHDOG] ALERT: Analytics API status endpoint is DOWN (fails=5)
2025-06-06 16:52:47 [WATCHDOG] Futures Bot healthy
2025-06-06 16:52:47 [WATCHDOG] Issues detected – see alerts above
2025-06-06 16:54:01 [WATCHDOG] ---- watchdog run ----
2025-06-06 16:54:47 [WATCHDOG] ALERT: Analytics API status endpoint is DOWN (fails=6)
2025-06-06 16:54:48 [WATCHDOG] Futures Bot healthy
2025-06-06 16:54:48 [WATCHDOG] Issues detected – see alerts above
2025-06-06 16:56:01 [WATCHDOG] ---- watchdog run ----
2025-06-06 16:56:23 [WATCHDOG] ALERT: Analytics API recovered
2025-06-06 16:56:23 [WATCHDOG] Analytics API healthy – signals age: 2 min
2025-06-06 16:56:23 [WATCHDOG] Futures Bot healthy
2025-06-06 16:56:23 [WATCHDOG] All systems operational
2025-06-06 16:58:01 [WATCHDOG] ---- watchdog run ----
2025-06-06 16:58:46 [WATCHDOG] Analytics API healthy – signals age: 1 min
2025-06-06 16:58:46 [WATCHDOG] Futures Bot healthy
2025-06-06 16:58:46 [WATCHDOG] All systems operational
2025-06-06 17:00:01 [WATCHDOG] ---- watchdog run ----
2025-06-06 17:00:47 [WATCHDOG] status endpoint failure (1/3) – no alert yet
2025-06-06 17:00:47 [WATCHDOG] Futures Bot healthy
2025-06-06 17:00:47 [WATCHDOG] Issues detected – see alerts above
2025-06-06 17:02:01 [WATCHDOG] ---- watchdog run ----
2025-06-06 17:02:47 [WATCHDOG] status endpoint failure (2/3) – no alert yet
2025-06-06 17:02:47 [WATCHDOG] Futures Bot healthy
2025-06-06 17:02:48 [WATCHDOG] Issues detected – see alerts above
2025-06-06 17:04:01 [WATCHDOG] ---- watchdog run ----
2025-06-06 17:04:47 [WATCHDOG] ALERT: Analytics API status endpoint is DOWN (fails=3)
2025-06-06 17:04:47 [WATCHDOG] Futures Bot healthy
2025-06-06 17:04:47 [WATCHDOG] Issues detected – see alerts above
2025-06-06 17:06:01 [WATCHDOG] ---- watchdog run ----
2025-06-06 17:06:47 [WATCHDOG] ALERT: Analytics API status endpoint is DOWN (fails=4)
2025-06-06 17:06:47 [WATCHDOG] Futures Bot healthy
2025-06-06 17:06:47 [WATCHDOG] Issues detected – see alerts above
2025-06-06 17:08:01 [WATCHDOG] ---- watchdog run ----
2025-06-06 17:08:47 [WATCHDOG] ALERT: Analytics API status endpoint is DOWN (fails=5)
2025-06-06 17:08:47 [WATCHDOG] Futures Bot healthy
2025-06-06 17:08:47 [WATCHDOG] Issues detected – see alerts above
2025-06-06 17:10:01 [WATCHDOG] ---- watchdog run ----
2025-06-06 17:10:47 [WATCHDOG] ALERT: Analytics API status endpoint is DOWN (fails=6)
2025-06-06 17:10:47 [WATCHDOG] Futures Bot healthy
2025-06-06 17:10:47 [WATCHDOG] Issues detected – see alerts above
2025-06-06 17:12:01 [WATCHDOG] ---- watchdog run ----
2025-06-06 17:12:47 [WATCHDOG] ALERT: Analytics API status endpoint is DOWN (fails=7)
2025-06-06 17:12:47 [WATCHDOG] Futures Bot healthy
2025-06-06 17:12:47 [WATCHDOG] Issues detected – see alerts above
2025-06-06 17:14:01 [WATCHDOG] ---- watchdog run ----
2025-06-06 17:14:47 [WATCHDOG] ALERT: Analytics API status endpoint is DOWN (fails=8)
2025-06-06 17:14:47 [WATCHDOG] Futures Bot healthy
2025-06-06 17:14:47 [WATCHDOG] Issues detected – see alerts above
2025-06-06 17:16:01 [WATCHDOG] ---- watchdog run ----
2025-06-06 17:16:47 [WATCHDOG] ALERT: Analytics API status endpoint is DOWN (fails=9)
2025-06-06 17:16:47 [WATCHDOG] Futures Bot healthy
2025-06-06 17:16:47 [WATCHDOG] Issues detected – see alerts above
2025-06-06 17:18:01 [WATCHDOG] ---- watchdog run ----
2025-06-06 17:18:47 [WATCHDOG] ALERT: Analytics API status endpoint is DOWN (fails=10)
2025-06-06 17:18:47 [WATCHDOG] Futures Bot healthy
2025-06-06 17:18:47 [WATCHDOG] Issues detected – see alerts above
2025-06-06 17:20:01 [WATCHDOG] ---- watchdog run ----
2025-06-06 17:20:47 [WATCHDOG] ALERT: Analytics API status endpoint is DOWN (fails=11)
2025-06-06 17:20:47 [WATCHDOG] Futures Bot healthy
2025-06-06 17:20:47 [WATCHDOG] Issues detected – see alerts above
2025-06-06 17:22:01 [WATCHDOG] ---- watchdog run ----
2025-06-06 17:22:47 [WATCHDOG] ALERT: Analytics API status endpoint is DOWN (fails=12)
2025-06-06 17:22:47 [WATCHDOG] Futures Bot healthy
2025-06-06 17:22:47 [WATCHDOG] Issues detected – see alerts above
2025-06-06 17:24:01 [WATCHDOG] ---- watchdog run ----
2025-06-06 17:24:47 [WATCHDOG] ALERT: Analytics API status endpoint is DOWN (fails=13)
2025-06-06 17:24:47 [WATCHDOG] Futures Bot healthy
2025-06-06 17:24:47 [WATCHDOG] Issues detected – see alerts above
2025-06-06 17:26:01 [WATCHDOG] ---- watchdog run ----
2025-06-06 17:26:47 [WATCHDOG] ALERT: Analytics API status endpoint is DOWN (fails=14)
2025-06-06 17:26:47 [WATCHDOG] Futures Bot healthy
2025-06-06 17:26:47 [WATCHDOG] Issues detected – see alerts above
2025-06-06 17:28:01 [WATCHDOG] ---- watchdog run ----
2025-06-06 17:28:47 [WATCHDOG] ALERT: Analytics API status endpoint is DOWN (fails=15)
2025-06-06 17:28:47 [WATCHDOG] Futures Bot healthy
2025-06-06 17:28:47 [WATCHDOG] Issues detected – see alerts above
2025-06-06 17:30:02 [WATCHDOG] ---- watchdog run ----
2025-06-06 17:30:48 [WATCHDOG] ALERT: Analytics API status endpoint is DOWN (fails=16)
2025-06-06 17:30:48 [WATCHDOG] Futures Bot healthy
2025-06-06 17:30:48 [WATCHDOG] Issues detected – see alerts above
2025-06-06 17:32:01 [WATCHDOG] ---- watchdog run ----
2025-06-06 17:32:47 [WATCHDOG] ALERT: Analytics API status endpoint is DOWN (fails=17)
2025-06-06 17:32:47 [WATCHDOG] Futures Bot healthy
2025-06-06 17:32:47 [WATCHDOG] Issues detected – see alerts above
2025-06-06 17:34:01 [WATCHDOG] ---- watchdog run ----
2025-06-06 17:34:47 [WATCHDOG] ALERT: Analytics API status endpoint is DOWN (fails=18)
2025-06-06 17:34:47 [WATCHDOG] Futures Bot healthy
2025-06-06 17:34:47 [WATCHDOG] Issues detected – see alerts above
2025-06-06 17:36:01 [WATCHDOG] ---- watchdog run ----
2025-06-06 17:36:47 [WATCHDOG] ALERT: Analytics API status endpoint is DOWN (fails=19)
2025-06-06 17:36:48 [WATCHDOG] Futures Bot healthy
2025-06-06 17:36:48 [WATCHDOG] Issues detected – see alerts above
2025-06-06 17:38:01 [WATCHDOG] ---- watchdog run ----
2025-06-06 17:38:47 [WATCHDOG] ALERT: Analytics API status endpoint is DOWN (fails=20)
2025-06-06 17:38:47 [WATCHDOG] Futures Bot healthy
2025-06-06 17:38:47 [WATCHDOG] Issues detected – see alerts above
2025-06-06 17:40:01 [WATCHDOG] ---- watchdog run ----
2025-06-06 17:40:47 [WATCHDOG] ALERT: Analytics API status endpoint is DOWN (fails=21)
2025-06-06 17:40:47 [WATCHDOG] Futures Bot healthy
2025-06-06 17:40:47 [WATCHDOG] Issues detected – see alerts above
2025-06-06 17:42:01 [WATCHDOG] ---- watchdog run ----
2025-06-06 17:42:47 [WATCHDOG] ALERT: Analytics API recovered
2025-06-06 17:42:47 [WATCHDOG] Analytics API healthy – signals age: 2 min
2025-06-06 17:42:47 [WATCHDOG] ALERT: Futures Bot health endpoint not responding
2025-06-06 17:42:47 [WATCHDOG] Issues detected – see alerts above
2025-06-06 17:44:01 [WATCHDOG] ---- watchdog run ----
2025-06-06 17:44:47 [WATCHDOG] status endpoint failure (1/3) – no alert yet
2025-06-06 17:44:47 [WATCHDOG] ALERT: Futures Bot health endpoint not responding
2025-06-06 17:44:47 [WATCHDOG] Issues detected – see alerts above
2025-06-06 17:46:01 [WATCHDOG] ---- watchdog run ----
2025-06-06 17:46:47 [WATCHDOG] status endpoint failure (2/3) – no alert yet
2025-06-06 17:46:47 [WATCHDOG] ALERT: Futures Bot health endpoint not responding
2025-06-06 17:46:47 [WATCHDOG] Issues detected – see alerts above
2025-06-06 17:48:01 [WATCHDOG] ---- watchdog run ----
2025-06-06 17:48:47 [WATCHDOG] ALERT: Analytics API status endpoint is DOWN (fails=3)
2025-06-06 17:48:47 [WATCHDOG] ALERT: Futures Bot health endpoint not responding
2025-06-06 17:48:47 [WATCHDOG] Issues detected – see alerts above
2025-06-06 17:50:01 [WATCHDOG] ---- watchdog run ----
2025-06-06 17:50:47 [WATCHDOG] ALERT: Analytics API status endpoint is DOWN (fails=4)
2025-06-06 17:50:47 [WATCHDOG] ALERT: Futures Bot health endpoint not responding
2025-06-06 17:50:47 [WATCHDOG] Issues detected – see alerts above
2025-06-06 17:52:01 [WATCHDOG] ---- watchdog run ----
2025-06-06 17:52:47 [WATCHDOG] ALERT: Analytics API status endpoint is DOWN (fails=5)
2025-06-06 17:52:47 [WATCHDOG] ALERT: Futures Bot health endpoint not responding
2025-06-06 17:52:47 [WATCHDOG] Issues detected – see alerts above
2025-06-06 17:54:01 [WATCHDOG] ---- watchdog run ----
2025-06-06 17:54:47 [WATCHDOG] ALERT: Analytics API status endpoint is DOWN (fails=6)
2025-06-06 17:54:47 [WATCHDOG] ALERT: Futures Bot health endpoint not responding
2025-06-06 17:54:47 [WATCHDOG] Issues detected – see alerts above
2025-06-06 17:56:01 [WATCHDOG] ---- watchdog run ----
2025-06-06 17:56:47 [WATCHDOG] ALERT: Analytics API status endpoint is DOWN (fails=7)
2025-06-06 17:56:47 [WATCHDOG] ALERT: Futures Bot health endpoint not responding
2025-06-06 17:56:47 [WATCHDOG] Issues detected – see alerts above
2025-06-06 17:58:01 [WATCHDOG] ---- watchdog run ----
2025-06-06 17:58:47 [WATCHDOG] ALERT: Analytics API status endpoint is DOWN (fails=8)
2025-06-06 17:58:47 [WATCHDOG] ALERT: Futures Bot health endpoint not responding
2025-06-06 17:58:47 [WATCHDOG] Issues detected – see alerts above
2025-06-06 18:00:01 [WATCHDOG] ---- watchdog run ----
2025-06-06 18:00:47 [WATCHDOG] ALERT: Analytics API status endpoint is DOWN (fails=9)
2025-06-06 18:00:47 [WATCHDOG] ALERT: Futures Bot health endpoint not responding
2025-06-06 18:00:48 [WATCHDOG] Issues detected – see alerts above
2025-06-06 18:02:01 [WATCHDOG] ---- watchdog run ----
2025-06-06 18:02:47 [WATCHDOG] ALERT: Analytics API status endpoint is DOWN (fails=10)
2025-06-06 18:02:48 [WATCHDOG] ALERT: Futures Bot health endpoint not responding
2025-06-06 18:02:48 [WATCHDOG] Issues detected – see alerts above
2025-06-06 18:04:01 [WATCHDOG] ---- watchdog run ----
2025-06-06 18:04:47 [WATCHDOG] ALERT: Analytics API status endpoint is DOWN (fails=11)
2025-06-06 18:04:47 [WATCHDOG] ALERT: Futures Bot health endpoint not responding
2025-06-06 18:04:47 [WATCHDOG] Issues detected – see alerts above
2025-06-06 18:06:01 [WATCHDOG] ---- watchdog run ----
2025-06-06 18:06:47 [WATCHDOG] ALERT: Analytics API status endpoint is DOWN (fails=12)
2025-06-06 18:06:47 [WATCHDOG] ALERT: Futures Bot health endpoint not responding
2025-06-06 18:06:47 [WATCHDOG] Issues detected – see alerts above
2025-06-06 18:08:01 [WATCHDOG] ---- watchdog run ----
2025-06-06 18:08:47 [WATCHDOG] ALERT: Analytics API status endpoint is DOWN (fails=13)
2025-06-06 18:08:47 [WATCHDOG] ALERT: Futures Bot health endpoint not responding
2025-06-06 18:08:47 [WATCHDOG] Issues detected – see alerts above
2025-06-06 18:10:01 [WATCHDOG] ---- watchdog run ----
2025-06-06 18:10:47 [WATCHDOG] ALERT: Analytics API status endpoint is DOWN (fails=14)
2025-06-06 18:10:47 [WATCHDOG] Futures Bot healthy
2025-06-06 18:10:47 [WATCHDOG] Issues detected – see alerts above
2025-06-06 18:12:01 [WATCHDOG] ---- watchdog run ----
2025-06-06 18:12:47 [WATCHDOG] ALERT: Analytics API status endpoint is DOWN (fails=15)
2025-06-06 18:12:47 [WATCHDOG] Futures Bot healthy
2025-06-06 18:12:47 [WATCHDOG] Issues detected – see alerts above
2025-06-06 18:14:01 [WATCHDOG] ---- watchdog run ----
2025-06-06 18:14:47 [WATCHDOG] ALERT: Analytics API status endpoint is DOWN (fails=16)
2025-06-06 18:14:48 [WATCHDOG] Futures Bot healthy
2025-06-06 18:14:48 [WATCHDOG] Issues detected – see alerts above
2025-06-06 18:16:01 [WATCHDOG] ---- watchdog run ----
2025-06-06 18:16:47 [WATCHDOG] ALERT: Analytics API status endpoint is DOWN (fails=17)
2025-06-06 18:16:47 [WATCHDOG] Futures Bot healthy
2025-06-06 18:16:47 [WATCHDOG] Issues detected – see alerts above
2025-06-06 18:18:01 [WATCHDOG] ---- watchdog run ----
2025-06-06 18:18:47 [WATCHDOG] ALERT: Analytics API status endpoint is DOWN (fails=18)
2025-06-06 18:18:47 [WATCHDOG] Futures Bot healthy
2025-06-06 18:18:47 [WATCHDOG] Issues detected – see alerts above
2025-06-06 18:20:01 [WATCHDOG] ---- watchdog run ----
2025-06-06 18:20:47 [WATCHDOG] ALERT: Analytics API status endpoint is DOWN (fails=19)
2025-06-06 18:20:48 [WATCHDOG] Futures Bot healthy
2025-06-06 18:20:48 [WATCHDOG] Issues detected – see alerts above
2025-06-06 18:22:01 [WATCHDOG] ---- watchdog run ----
